SF:c:\Repositories\ExpertBooking\BusinessModels\Booking.cs
FN:4,System.String BusinessModels.Booking::get_BookerEmailAddress()
FNDA:54,System.String BusinessModels.Booking::get_BookerEmailAddress()
DA:5,54
FN:5,System.String[] BusinessModels.Booking::get_ExpertIds()
FNDA:42,System.String[] BusinessModels.Booking::get_ExpertIds()
DA:6,42
FN:6,System.String BusinessModels.Booking::get_TimePeriod()
FNDA:30,System.String BusinessModels.Booking::get_TimePeriod()
DA:7,30
FN:7,System.String BusinessModels.Booking::get_Description()
FNDA:32,System.String BusinessModels.Booking::get_Description()
DA:8,32
LF:4
LH:4
BRF:0
BRH:0
FNF:4
FNH:4
end_of_record
SF:c:\Repositories\ExpertBooking\BusinessModels\Cart.cs
FN:4,System.String BusinessModels.Cart::get_Id()
FNDA:80,System.String BusinessModels.Cart::get_Id()
DA:5,80
FN:5,System.Collections.Generic.List`1<System.String> BusinessModels.Cart::get_ExpertIds()
FNDA:74,System.Collections.Generic.List`1<System.String> BusinessModels.Cart::get_ExpertIds()
DA:6,74
LF:2
LH:2
BRF:0
BRH:0
FNF:2
FNH:2
end_of_record
SF:c:\Repositories\ExpertBooking\BusinessModels\Expert.cs
FN:3,System.String BusinessModels.Expert::get_Id()
FNDA:440,System.String BusinessModels.Expert::get_Id()
DA:4,440
FN:4,System.String BusinessModels.Expert::get_FirstName()
FNDA:176,System.String BusinessModels.Expert::get_FirstName()
DA:5,176
FN:5,System.String BusinessModels.Expert::get_LastName()
FNDA:176,System.String BusinessModels.Expert::get_LastName()
DA:6,176
FN:6,System.String BusinessModels.Expert::get_Role()
FNDA:176,System.String BusinessModels.Expert::get_Role()
DA:7,176
FN:7,System.String BusinessModels.Expert::get_Technology()
FNDA:188,System.String BusinessModels.Expert::get_Technology()
DA:8,188
FN:8,System.String BusinessModels.Expert::get_Description()
FNDA:176,System.String BusinessModels.Expert::get_Description()
DA:9,176
LF:6
LH:6
BRF:0
BRH:0
FNF:6
FNH:6
end_of_record
SF:c:\Repositories\ExpertBooking\Services\EmailServiceConfiguration.cs
FN:4,System.String Services.EmailServiceConfiguration::get_ApiKey()
FNDA:0,System.String Services.EmailServiceConfiguration::get_ApiKey()
DA:5,0
FN:5,System.String Services.EmailServiceConfiguration::get_ReceiverAddress()
FNDA:0,System.String Services.EmailServiceConfiguration::get_ReceiverAddress()
DA:6,0
LF:2
LH:0
BRF:0
BRH:0
FNF:2
FNH:0
end_of_record
SF:c:\Repositories\ExpertBooking\Services\EmailServiceConsoleLogImplementation.cs
FN:8,System.Void Services.EmailServiceConsoleLogImplementation/<SendEmail>d__0::MoveNext()
FNDA:0,System.Void Services.EmailServiceConsoleLogImplementation/<SendEmail>d__0::MoveNext()
DA:9,0
DA:10,0
DA:11,0
DA:12,0
DA:13,0
LF:5
LH:0
BRF:0
BRH:0
FNF:1
FNH:0
end_of_record
SF:c:\Repositories\ExpertBooking\Services\EmailServiceSendGridImplementation.cs
FN:10,System.String Services.EmailServiceSendGridImplementation::get__apiKey()
FNDA:0,System.String Services.EmailServiceSendGridImplementation::get__apiKey()
DA:11,0
FN:11,System.String Services.EmailServiceSendGridImplementation::get__bookingReceiver()
FNDA:0,System.String Services.EmailServiceSendGridImplementation::get__bookingReceiver()
DA:12,0
FN:51,System.String Services.EmailServiceSendGridImplementation::GenerateExpertsText(System.String[])
FNDA:0,System.String Services.EmailServiceSendGridImplementation::GenerateExpertsText(System.String[])
DA:52,0
DA:53,0
DA:54,0
DA:55,0
DA:56,0
DA:57,0
DA:58,0
DA:59,0
DA:60,0
DA:61,0
DA:62,0
BRDA:53,20,0,0
BRDA:53,20,1,0
BRDA:53,37,0,0
BRDA:53,37,1,0
BRDA:57,214,1,0
BRDA:57,214,0,0
FN:15,System.Void Services.EmailServiceSendGridImplementation::.ctor(Services.EmailServiceConfiguration,UseCases.Experts.ExpertsStorage)
FNDA:0,System.Void Services.EmailServiceSendGridImplementation::.ctor(Services.EmailServiceConfiguration,UseCases.Experts.ExpertsStorage)
DA:16,0
DA:17,0
DA:18,0
DA:19,0
DA:20,0
DA:21,0
FN:22,System.Void Services.EmailServiceSendGridImplementation/<SendEmail>d__10::MoveNext()
FNDA:0,System.Void Services.EmailServiceSendGridImplementation/<SendEmail>d__10::MoveNext()
DA:23,0
DA:24,0
DA:25,0
DA:26,0
DA:27,0
DA:28,0
DA:29,0
DA:30,0
DA:31,0
DA:32,0
DA:33,0
DA:34,0
DA:35,0
DA:36,0
DA:37,0
DA:38,0
DA:39,0
DA:40,0
DA:42,0
DA:43,0
DA:44,0
DA:45,0
DA:46,0
DA:47,0
DA:48,0
DA:49,0
DA:50,0
BRDA:37,582,0,0
BRDA:37,582,1,0
BRDA:44,914,1,0
BRDA:46,682,1,0
BRDA:46,682,0,0
BRDA:46,779,1,0
BRDA:46,779,0,0
BRDA:44,914,0,0
LF:46
LH:0
BRF:14
BRH:0
FNF:5
FNH:0
end_of_record
SF:c:\Repositories\ExpertBooking\WebSite\Startup.cs
FN:10,System.Void Program::<Main>$(System.String[])
FNDA:0,System.Void Program::<Main>$(System.String[])
DA:11,0
DA:14,0
DA:17,0
DA:18,0
DA:20,0
DA:23,0
DA:24,0
DA:25,0
DA:27,0
DA:28,0
DA:30,0
DA:31,0
DA:33,0
DA:35,0
DA:37,0
DA:38,0
DA:39,0
DA:41,0
BRDA:23,61,0,0
BRDA:23,61,1,0
FN:43,Microsoft.Extensions.Configuration.IConfigurationRoot Program::<<Main>$>g__GetConfigFromAzure|0_0()
FNDA:0,Microsoft.Extensions.Configuration.IConfigurationRoot Program::<<Main>$>g__GetConfigFromAzure|0_0()
DA:44,0
DA:45,0
DA:46,0
DA:47,0
DA:48,0
DA:49,0
FN:51,System.Void Program::<<Main>$>g__AddServices|0_1(Microsoft.Extensions.DependencyInjection.IServiceCollection,Microsoft.Extensions.Configuration.IConfigurationRoot)
FNDA:0,System.Void Program::<<Main>$>g__AddServices|0_1(Microsoft.Extensions.DependencyInjection.IServiceCollection,Microsoft.Extensions.Configuration.IConfigurationRoot)
DA:52,0
DA:53,0
DA:54,0
DA:55,0
DA:56,0
DA:57,0
DA:58,0
DA:59,0
DA:61,0
DA:62,0
DA:63,0
DA:64,0
DA:65,0
DA:66,0
DA:68,0
DA:69,0
DA:70,0
DA:72,0
DA:73,0
DA:74,0
DA:77,0
LF:45
LH:0
BRF:2
BRH:0
FNF:3
FNH:0
end_of_record
SF:c:\Repositories\ExpertBooking\WebSite\Views\Booking\_bookingSubmitButton.cshtml
FN:5,System.Void AspNetCoreGeneratedDocument.Views_Booking__bookingSubmitButton/<ExecuteAsync>d__0::MoveNext()
FNDA:0,System.Void AspNetCoreGeneratedDocument.Views_Booking__bookingSubmitButton/<ExecuteAsync>d__0::MoveNext()
DA:6,0
DA:7,0
DA:9,0
DA:10,0
DA:11,0
BRDA:6,43,0,0
BRDA:6,43,1,0
LF:5
LH:0
BRF:2
BRH:0
FNF:1
FNH:0
end_of_record
SF:c:\Repositories\ExpertBooking\WebSite\Views\Cart\Index.cshtml
FN:2,System.Void AspNetCoreGeneratedDocument.Views_Cart_Index/<ExecuteAsync>d__0::MoveNext()
FNDA:0,System.Void AspNetCoreGeneratedDocument.Views_Cart_Index/<ExecuteAsync>d__0::MoveNext()
DA:3,0
DA:4,0
DA:5,0
DA:7,0
DA:8,0
DA:9,0
DA:10,0
DA:13,0
BRDA:3,317,1,0
BRDA:7,242,1,0
BRDA:7,242,0,0
BRDA:3,317,0,0
LF:8
LH:0
BRF:4
BRH:0
FNF:1
FNH:0
end_of_record
SF:c:\Repositories\ExpertBooking\WebSite\Views\Cart\_addToCartCheckmark.cshtml
FN:11,System.Void AspNetCoreGeneratedDocument.Views_Cart__addToCartCheckmark/<<ExecuteAsync>b__11_0>d::MoveNext()
FNDA:0,System.Void AspNetCoreGeneratedDocument.Views_Cart__addToCartCheckmark/<<ExecuteAsync>b__11_0>d::MoveNext()
DA:12,0
DA:17,0
FN:28,System.Void AspNetCoreGeneratedDocument.Views_Cart__addToCartCheckmark/<<ExecuteAsync>b__11_1>d::MoveNext()
FNDA:0,System.Void AspNetCoreGeneratedDocument.Views_Cart__addToCartCheckmark/<<ExecuteAsync>b__11_1>d::MoveNext()
DA:29,0
DA:33,0
FN:2,System.Void AspNetCoreGeneratedDocument.Views_Cart__addToCartCheckmark/<ExecuteAsync>d__11::MoveNext()
FNDA:0,System.Void AspNetCoreGeneratedDocument.Views_Cart__addToCartCheckmark/<ExecuteAsync>d__11::MoveNext()
DA:3,0
DA:4,0
DA:8,0
DA:20,0
DA:21,0
DA:25,0
BRDA:8,776,0,0
BRDA:8,776,1,0
BRDA:25,1714,0,0
BRDA:25,1714,1,0
LF:10
LH:0
BRF:4
BRH:0
FNF:3
FNH:0
end_of_record
SF:c:\Repositories\ExpertBooking\WebSite\Views\Cart\_cartCount.cshtml
FN:5,System.Void AspNetCoreGeneratedDocument.Views_Cart__cartCount/<ExecuteAsync>d__0::MoveNext()
FNDA:0,System.Void AspNetCoreGeneratedDocument.Views_Cart__cartCount/<ExecuteAsync>d__0::MoveNext()
DA:6,0
DA:7,0
DA:8,0
DA:9,0
BRDA:6,41,0,0
BRDA:6,41,1,0
LF:4
LH:0
BRF:2
BRH:0
FNF:1
FNH:0
end_of_record
SF:c:\Repositories\ExpertBooking\WebSite\Views\Cart\_cartDetails.cshtml
FN:19,System.Void AspNetCoreGeneratedDocument.Views_Cart__cartDetails/<ExecuteAsync>d__0::MoveNext()
FNDA:0,System.Void AspNetCoreGeneratedDocument.Views_Cart__cartDetails/<ExecuteAsync>d__0::MoveNext()
DA:20,0
DA:21,0
DA:23,0
DA:24,0
DA:25,0
DA:26,0
DA:30,0
DA:31,0
DA:33,0
DA:41,0
DA:43,0
DA:44,0
DA:46,0
DA:53,0
BRDA:20,36,0,0
BRDA:20,54,0,0
BRDA:20,36,1,0
BRDA:20,54,1,0
BRDA:20,85,0,0
BRDA:23,854,1,0
BRDA:23,854,0,0
BRDA:20,85,1,0
BRDA:53,970,0,0
BRDA:53,970,1,0
BRDA:53,990,0,0
BRDA:53,990,1,0
LF:14
LH:0
BRF:12
BRH:0
FNF:1
FNH:0
end_of_record
SF:c:\Repositories\ExpertBooking\WebSite\Views\Cart\_removeFromCartCheckmark.cshtml
FN:9,System.Void AspNetCoreGeneratedDocument.Views_Cart__removeFromCartCheckmark/<<ExecuteAsync>b__11_0>d::MoveNext()
FNDA:0,System.Void AspNetCoreGeneratedDocument.Views_Cart__removeFromCartCheckmark/<<ExecuteAsync>b__11_0>d::MoveNext()
DA:10,0
DA:12,0
FN:25,System.Void AspNetCoreGeneratedDocument.Views_Cart__removeFromCartCheckmark/<<ExecuteAsync>b__11_1>d::MoveNext()
FNDA:0,System.Void AspNetCoreGeneratedDocument.Views_Cart__removeFromCartCheckmark/<<ExecuteAsync>b__11_1>d::MoveNext()
DA:26,0
DA:28,0
FN:2,System.Void AspNetCoreGeneratedDocument.Views_Cart__removeFromCartCheckmark/<ExecuteAsync>d__11::MoveNext()
FNDA:0,System.Void AspNetCoreGeneratedDocument.Views_Cart__removeFromCartCheckmark/<ExecuteAsync>d__11::MoveNext()
DA:3,0
DA:4,0
DA:8,0
DA:19,0
DA:20,0
DA:24,0
BRDA:8,776,0,0
BRDA:8,776,1,0
BRDA:24,1714,0,0
BRDA:24,1714,1,0
LF:10
LH:0
BRF:4
BRH:0
FNF:3
FNH:0
end_of_record
SF:c:\Repositories\ExpertBooking\WebSite\Views\ExpertDetails\_ExpertModal.cshtml
FN:13,System.Void AspNetCoreGeneratedDocument.Views_ExpertDetails__ExpertModal/<ExecuteAsync>d__0::MoveNext()
FNDA:0,System.Void AspNetCoreGeneratedDocument.Views_ExpertDetails__ExpertModal/<ExecuteAsync>d__0::MoveNext()
DA:14,0
DA:17,0
DA:18,0
DA:22,0
DA:29,0
DA:32,0
LF:6
LH:0
BRF:0
BRH:0
FNF:1
FNH:0
end_of_record
SF:c:\Repositories\ExpertBooking\WebSite\Views\Expert\_expertDetails.cshtml
FN:1,System.Void AspNetCoreGeneratedDocument.Views_Expert__expertDetails/<ExecuteAsync>d__0::MoveNext()
FNDA:0,System.Void AspNetCoreGeneratedDocument.Views_Expert__expertDetails/<ExecuteAsync>d__0::MoveNext()
DA:2,0
DA:3,0
LF:2
LH:0
BRF:0
BRH:0
FNF:1
FNH:0
end_of_record
SF:c:\Repositories\ExpertBooking\WebSite\Views\ListExperts\_expertTable.cshtml
FN:29,System.Void AspNetCoreGeneratedDocument.Views_ListExperts__expertTable/<ExecuteAsync>d__14::MoveNext()
FNDA:0,System.Void AspNetCoreGeneratedDocument.Views_ListExperts__expertTable/<ExecuteAsync>d__14::MoveNext()
DA:30,0
DA:31,0
DA:32,0
DA:33,0
DA:38,0
DA:40,0
DA:44,0
DA:48,0
DA:52,0
DA:65,0
BRDA:30,461,0,0
BRDA:30,461,1,0
BRDA:30,953,0,0
BRDA:30,953,1,0
BRDA:30,1445,0,0
BRDA:30,1445,1,0
BRDA:30,1937,0,0
BRDA:30,1937,1,0
BRDA:30,2429,0,0
BRDA:30,2429,1,0
BRDA:30,2923,0,0
BRDA:30,2923,1,0
BRDA:30,3417,0,0
BRDA:30,3417,1,0
BRDA:30,4539,1,0
BRDA:30,4539,0,0
LF:10
LH:0
BRF:16
BRH:0
FNF:1
FNH:0
end_of_record
SF:c:\Repositories\ExpertBooking\WebSite\Views\Shared\Error.cshtml
FN:2,System.Void AspNetCoreGeneratedDocument.Views_Shared_Error/<ExecuteAsync>d__0::MoveNext()
FNDA:0,System.Void AspNetCoreGeneratedDocument.Views_Shared_Error/<ExecuteAsync>d__0::MoveNext()
DA:3,0
DA:9,0
DA:10,0
DA:12,0
DA:14,0
BRDA:9,64,0,0
BRDA:9,64,1,0
BRDA:9,77,0,0
BRDA:12,115,0,0
BRDA:12,115,1,0
BRDA:9,77,1,0
LF:5
LH:0
BRF:6
BRH:0
FNF:1
FNH:0
end_of_record
SF:c:\Repositories\ExpertBooking\WebSite\Views\_ViewStart.cshtml
FN:1,System.Void AspNetCoreGeneratedDocument.Views__ViewStart/<ExecuteAsync>d__0::MoveNext()
FNDA:0,System.Void AspNetCoreGeneratedDocument.Views__ViewStart/<ExecuteAsync>d__0::MoveNext()
DA:2,0
LF:1
LH:0
BRF:0
BRH:0
FNF:1
FNH:0
end_of_record
SF:c:\Repositories\ExpertBooking\WebSite\Views\Shared\_Layout.cshtml
FN:8,System.Void AspNetCoreGeneratedDocument.Views_Shared__Layout/<<ExecuteAsync>b__25_0>d::MoveNext()
FNDA:0,System.Void AspNetCoreGeneratedDocument.Views_Shared__Layout/<<ExecuteAsync>b__25_0>d::MoveNext()
DA:9,0
DA:16,0
DA:17,0
DA:18,0
DA:19,0
DA:20,0
DA:21,0
DA:26,0
BRDA:9,626,0,0
BRDA:9,626,1,0
BRDA:9,1122,0,0
BRDA:9,1122,1,0
BRDA:9,1618,0,0
BRDA:9,1618,1,0
BRDA:16,2263,0,0
BRDA:16,2263,1,0
BRDA:17,2908,0,0
BRDA:17,2908,1,0
BRDA:18,3555,0,0
BRDA:18,3555,1,0
BRDA:19,4202,0,0
BRDA:19,4202,1,0
BRDA:20,4849,0,0
BRDA:20,4849,1,0
BRDA:21,5496,0,0
BRDA:21,5496,1,0
BRDA:21,5972,0,0
BRDA:21,5972,1,0
BRDA:21,6448,0,0
BRDA:21,6448,1,0
BRDA:21,6924,0,0
BRDA:21,6924,1,0
BRDA:26,7549,0,0
BRDA:26,7549,1,0
FN:47,System.Void AspNetCoreGeneratedDocument.Views_Shared__Layout/<<ExecuteAsync>b__25_1>d::MoveNext()
FNDA:0,System.Void AspNetCoreGeneratedDocument.Views_Shared__Layout/<<ExecuteAsync>b__25_1>d::MoveNext()
DA:48,0
DA:57,0
FN:1,System.Void AspNetCoreGeneratedDocument.Views_Shared__Layout/<ExecuteAsync>d__25::MoveNext()
FNDA:0,System.Void AspNetCoreGeneratedDocument.Views_Shared__Layout/<ExecuteAsync>d__25::MoveNext()
DA:2,0
BRDA:2,344,0,0
BRDA:2,344,1,0
BRDA:2,782,0,0
BRDA:2,782,1,0
LF:11
LH:0
BRF:30
BRH:0
FNF:3
FNH:0
end_of_record
SF:c:\Repositories\ExpertBooking\WebSite\WebConfiguration.cs
FN:4,System.String WebSite.WebConfiguration::get_CartCookieName()
FNDA:0,System.String WebSite.WebConfiguration::get_CartCookieName()
DA:5,0
LF:1
LH:0
BRF:0
BRH:0
FNF:1
FNH:0
end_of_record
SF:c:\Repositories\ExpertBooking\WebSite\Models\BookingInputModel.cs
FN:4,System.Collections.Generic.List`1<System.String> WebSite.Models.BookingInputModel::get_SelectedExpertIds()
FNDA:28,System.Collections.Generic.List`1<System.String> WebSite.Models.BookingInputModel::get_SelectedExpertIds()
DA:5,28
FN:5,System.String WebSite.Models.BookingInputModel::get_BookerEmailAddress()
FNDA:18,System.String WebSite.Models.BookingInputModel::get_BookerEmailAddress()
DA:6,18
FN:6,System.String WebSite.Models.BookingInputModel::get_TechnologyFilter()
FNDA:0,System.String WebSite.Models.BookingInputModel::get_TechnologyFilter()
DA:7,0
FN:7,System.String WebSite.Models.BookingInputModel::get_TimePeriod()
FNDA:18,System.String WebSite.Models.BookingInputModel::get_TimePeriod()
DA:8,18
FN:8,System.String WebSite.Models.BookingInputModel::get_Description()
FNDA:18,System.String WebSite.Models.BookingInputModel::get_Description()
DA:9,18
LF:5
LH:4
BRF:0
BRH:0
FNF:5
FNH:4
end_of_record
SF:c:\Repositories\ExpertBooking\WebSite\Models\BookingResultModel.cs
FN:6,BusinessModels.Booking WebSite.Models.BookingResultModel::get_Booking()
FNDA:0,BusinessModels.Booking WebSite.Models.BookingResultModel::get_Booking()
DA:7,0
FN:7,System.Boolean WebSite.Models.BookingResultModel::get_Success()
FNDA:0,System.Boolean WebSite.Models.BookingResultModel::get_Success()
DA:8,0
FN:8,System.String WebSite.Models.BookingResultModel::get_ErrorMessage()
FNDA:0,System.String WebSite.Models.BookingResultModel::get_ErrorMessage()
DA:9,0
LF:3
LH:0
BRF:0
BRH:0
FNF:3
FNH:0
end_of_record
SF:c:\Repositories\ExpertBooking\WebSite\Models\ErrorViewModel.cs
FN:4,System.String WebSite.Models.ErrorViewModel::get_RequestId()
FNDA:0,System.String WebSite.Models.ErrorViewModel::get_RequestId()
DA:5,0
FN:6,System.Boolean WebSite.Models.ErrorViewModel::get_ShowRequestId()
FNDA:0,System.Boolean WebSite.Models.ErrorViewModel::get_ShowRequestId()
DA:7,0
LF:2
LH:0
BRF:0
BRH:0
FNF:2
FNH:0
end_of_record
SF:c:\Repositories\ExpertBooking\WebSite\Models\ExpertViewModel.cs
FN:4,System.String WebSite.Models.ExpertViewModel::get_Id()
FNDA:312,System.String WebSite.Models.ExpertViewModel::get_Id()
DA:5,312
FN:5,System.String WebSite.Models.ExpertViewModel::get_FirstName()
FNDA:152,System.String WebSite.Models.ExpertViewModel::get_FirstName()
DA:6,152
FN:6,System.String WebSite.Models.ExpertViewModel::get_LastName()
FNDA:152,System.String WebSite.Models.ExpertViewModel::get_LastName()
DA:7,152
FN:7,System.String WebSite.Models.ExpertViewModel::get_Role()
FNDA:152,System.String WebSite.Models.ExpertViewModel::get_Role()
DA:8,152
FN:8,System.String WebSite.Models.ExpertViewModel::get_Technology()
FNDA:152,System.String WebSite.Models.ExpertViewModel::get_Technology()
DA:9,152
FN:9,System.String WebSite.Models.ExpertViewModel::get_Description()
FNDA:152,System.String WebSite.Models.ExpertViewModel::get_Description()
DA:10,152
FN:10,System.Boolean WebSite.Models.ExpertViewModel::get_IsSelected()
FNDA:144,System.Boolean WebSite.Models.ExpertViewModel::get_IsSelected()
DA:11,144
LF:7
LH:7
BRF:0
BRH:0
FNF:7
FNH:7
end_of_record
SF:c:\Repositories\ExpertBooking\WebSite\Helpers\BookingInputModelConverter.cs
FN:8,BusinessModels.Booking WebSite.Helpers.BookingInputModelConverter::Convert(WebSite.Models.BookingInputModel)
FNDA:14,BusinessModels.Booking WebSite.Helpers.BookingInputModelConverter::Convert(WebSite.Models.BookingInputModel)
DA:9,14
DA:10,14
DA:11,14
DA:12,14
DA:13,14
DA:14,14
DA:15,14
DA:16,14
DA:17,14
BRDA:10,9,0,0
BRDA:10,9,1,14
BRDA:10,21,0,2
BRDA:10,21,1,12
BRDA:10,33,0,2
BRDA:10,33,1,14
LF:9
LH:9
BRF:6
BRH:5
FNF:1
FNH:1
end_of_record
SF:c:\Repositories\ExpertBooking\WebSite\Helpers\ExpertViewModelConverter.cs
FN:13,WebSite.Models.ExpertViewModel[] WebSite.Helpers.ExpertViewModelConverter::Convert(BusinessModels.Expert[],System.Collections.Generic.List`1<System.String>)
FNDA:10,WebSite.Models.ExpertViewModel[] WebSite.Helpers.ExpertViewModelConverter::Convert(BusinessModels.Expert[],System.Collections.Generic.List`1<System.String>)
DA:14,10
DA:15,10
DA:16,84
DA:17,32
DA:18,32
DA:19,32
DA:20,32
DA:21,32
DA:22,32
DA:23,32
DA:24,32
DA:25,32
DA:26,14
DA:27,32
DA:28,32
DA:29,10
DA:30,10
BRDA:16,310,1,32
BRDA:18,248,0,8
BRDA:18,248,1,24
BRDA:16,310,0,10
FN:32,WebSite.Models.ExpertViewModel WebSite.Helpers.ExpertViewModelConverter::Convert(BusinessModels.Expert,System.Collections.Generic.List`1<System.String>)
FNDA:6,WebSite.Models.ExpertViewModel WebSite.Helpers.ExpertViewModelConverter::Convert(BusinessModels.Expert,System.Collections.Generic.List`1<System.String>)
DA:33,6
DA:34,14
DA:35,6
BRDA:34,21,0,2
BRDA:34,21,1,4
FN:37,WebSite.Models.ExpertViewModel WebSite.Helpers.ExpertViewModelConverter::CreateViewModel(BusinessModels.Expert,System.Boolean)
FNDA:6,WebSite.Models.ExpertViewModel WebSite.Helpers.ExpertViewModelConverter::CreateViewModel(BusinessModels.Expert,System.Boolean)
DA:38,6
DA:39,6
DA:40,6
DA:41,6
DA:42,6
DA:43,6
DA:44,6
DA:45,6
DA:46,6
DA:47,6
DA:48,6
DA:49,6
LF:32
LH:32
BRF:6
BRH:6
FNF:3
FNH:3
end_of_record
SF:c:\Repositories\ExpertBooking\WebSite\Helpers\ReadJsonFromFileHelper.cs
FN:4,System.String WebSite.Helpers.ReadJsonFromFileHelper::ReadJsonFromTextFile(System.String)
FNDA:0,System.String WebSite.Helpers.ReadJsonFromFileHelper::ReadJsonFromTextFile(System.String)
DA:5,0
DA:7,0
DA:8,0
DA:9,0
DA:11,0
DA:12,0
DA:13,0
DA:14,0
DA:17,0
LF:9
LH:0
BRF:0
BRH:0
FNF:1
FNH:0
end_of_record
SF:c:\Repositories\ExpertBooking\WebSite\Controllers\BookingController.cs
FN:31,Microsoft.AspNetCore.Mvc.IActionResult WebSite.Controllers.BookingController::Index()
FNDA:0,Microsoft.AspNetCore.Mvc.IActionResult WebSite.Controllers.BookingController::Index()
DA:32,0
DA:33,0
DA:34,0
FN:37,Microsoft.AspNetCore.Mvc.IActionResult WebSite.Controllers.BookingController::GetBookingForm()
FNDA:0,Microsoft.AspNetCore.Mvc.IActionResult WebSite.Controllers.BookingController::GetBookingForm()
DA:38,0
DA:39,0
DA:40,0
FN:43,Microsoft.AspNetCore.Mvc.IActionResult WebSite.Controllers.BookingController::GetBookingForm(System.String)
FNDA:0,Microsoft.AspNetCore.Mvc.IActionResult WebSite.Controllers.BookingController::GetBookingForm(System.String)
DA:44,0
DA:45,0
DA:46,0
DA:47,0
DA:48,0
DA:49,0
DA:50,0
DA:52,0
DA:53,0
DA:54,0
DA:55,0
DA:56,0
DA:57,0
DA:58,0
BRDA:45,26,0,0
BRDA:48,46,0,0
BRDA:48,46,1,0
BRDA:48,58,0,0
BRDA:48,58,1,0
BRDA:49,81,0,0
BRDA:52,97,0,0
BRDA:52,97,1,0
BRDA:49,81,1,0
BRDA:45,26,1,0
FN:21,System.Void WebSite.Controllers.BookingController::.ctor(UseCases.Experts.BookExpertUseCase,UseCases.Cart.GetCartUseCase,UseCases.Experts.ListExpertsUseCase,UseCases.Cart.AddExpertToCartUseCase)
FNDA:0,System.Void WebSite.Controllers.BookingController::.ctor(UseCases.Experts.BookExpertUseCase,UseCases.Cart.GetCartUseCase,UseCases.Experts.ListExpertsUseCase,UseCases.Cart.AddExpertToCartUseCase)
DA:22,0
DA:23,0
DA:24,0
DA:25,0
DA:26,0
DA:27,0
DA:28,0
FN:62,System.Void WebSite.Controllers.BookingController/<Book>d__9::MoveNext()
FNDA:0,System.Void WebSite.Controllers.BookingController/<Book>d__9::MoveNext()
DA:63,0
DA:64,0
DA:65,0
DA:66,0
DA:67,0
DA:68,0
DA:69,0
DA:70,0
DA:71,0
DA:72,0
DA:73,0
DA:74,0
DA:75,0
DA:76,0
DA:77,0
DA:79,0
BRDA:67,75,0,0
BRDA:70,119,0,0
BRDA:70,119,1,0
BRDA:67,75,1,0
BRDA:76,333,0,0
BRDA:76,333,1,0
LF:43
LH:0
BRF:16
BRH:0
FNF:5
FNH:0
end_of_record
SF:c:\Repositories\ExpertBooking\WebSite\Controllers\CartController.cs
FN:29,Microsoft.AspNetCore.Mvc.IActionResult WebSite.Controllers.CartController::Index()
FNDA:0,Microsoft.AspNetCore.Mvc.IActionResult WebSite.Controllers.CartController::Index()
DA:30,0
DA:31,0
DA:32,0
DA:33,0
FN:36,Microsoft.AspNetCore.Mvc.IActionResult WebSite.Controllers.CartController::GetExpertInCartStatus(System.String)
FNDA:0,Microsoft.AspNetCore.Mvc.IActionResult WebSite.Controllers.CartController::GetExpertInCartStatus(System.String)
DA:37,0
DA:38,0
DA:39,0
DA:40,0
DA:41,0
DA:42,0
DA:43,0
DA:44,0
DA:45,0
DA:46,0
DA:47,0
DA:48,0
DA:49,0
DA:50,0
BRDA:39,25,0,0
BRDA:39,25,1,0
BRDA:39,47,0,0
BRDA:42,64,0,0
BRDA:42,64,1,0
BRDA:42,85,0,0
BRDA:42,85,1,0
BRDA:42,122,0,0
BRDA:42,122,1,0
BRDA:39,47,1,0
BRDA:47,155,0,0
BRDA:47,155,1,0
FN:53,Microsoft.AspNetCore.Mvc.IActionResult WebSite.Controllers.CartController::AddToCart(System.String)
FNDA:0,Microsoft.AspNetCore.Mvc.IActionResult WebSite.Controllers.CartController::AddToCart(System.String)
DA:54,0
DA:56,0
DA:57,0
DA:58,0
DA:59,0
DA:60,0
DA:61,0
DA:62,0
DA:63,0
DA:64,0
DA:65,0
DA:66,0
DA:67,0
BRDA:64,138,0,0
BRDA:64,138,1,0
FN:70,Microsoft.AspNetCore.Mvc.IActionResult WebSite.Controllers.CartController::RemoveFromCart(System.String)
FNDA:0,Microsoft.AspNetCore.Mvc.IActionResult WebSite.Controllers.CartController::RemoveFromCart(System.String)
DA:71,0
DA:73,0
DA:74,0
DA:75,0
DA:76,0
DA:77,0
DA:78,0
DA:80,0
DA:81,0
DA:82,0
DA:83,0
DA:84,0
BRDA:74,27,0,0
BRDA:74,27,1,0
BRDA:81,122,0,0
BRDA:81,122,1,0
FN:87,Microsoft.AspNetCore.Mvc.IActionResult WebSite.Controllers.CartController::GetCart()
FNDA:0,Microsoft.AspNetCore.Mvc.IActionResult WebSite.Controllers.CartController::GetCart()
DA:88,0
DA:90,0
DA:91,0
DA:92,0
DA:93,0
DA:94,0
DA:95,0
DA:96,0
DA:97,0
DA:98,0
DA:99,0
DA:100,0
DA:101,0
BRDA:91,27,0,0
BRDA:94,49,0,0
BRDA:94,49,1,0
BRDA:91,27,1,0
BRDA:98,82,0,0
BRDA:98,82,1,0
FN:15,System.Void WebSite.Controllers.CartController::.ctor(UseCases.Cart.AddExpertToCartUseCase,UseCases.Cart.GetCartUseCase,UseCases.Cart.ListCartsUseCase,UseCases.Cart.RemoveExpertFromCartUseCase)
FNDA:0,System.Void WebSite.Controllers.CartController::.ctor(UseCases.Cart.AddExpertToCartUseCase,UseCases.Cart.GetCartUseCase,UseCases.Cart.ListCartsUseCase,UseCases.Cart.RemoveExpertFromCartUseCase)
DA:16,0
DA:17,0
DA:18,0
DA:19,0
DA:20,0
DA:21,0
DA:22,0
DA:23,0
DA:24,0
DA:25,0
DA:26,0
LF:67
LH:0
BRF:24
BRH:0
FNF:6
FNH:0
end_of_record
SF:c:\Repositories\ExpertBooking\WebSite\Controllers\ExpertController.cs
FN:23,Microsoft.AspNetCore.Mvc.IActionResult WebSite.Controllers.ExpertController::Index(System.String)
FNDA:0,Microsoft.AspNetCore.Mvc.IActionResult WebSite.Controllers.ExpertController::Index(System.String)
DA:24,0
DA:25,0
DA:26,0
DA:28,0
DA:29,0
DA:30,0
DA:31,0
DA:32,0
DA:33,0
DA:34,0
DA:35,0
DA:36,0
DA:37,0
DA:38,0
DA:39,0
BRDA:30,44,0,0
BRDA:31,59,0,0
BRDA:31,59,1,0
BRDA:30,44,1,0
BRDA:34,85,0,0
BRDA:34,85,1,0
BRDA:36,130,0,0
BRDA:36,130,1,0
FN:15,System.Void WebSite.Controllers.ExpertController::.ctor(UseCases.Experts.GetExpertUseCase,UseCases.Cart.GetCartUseCase)
FNDA:0,System.Void WebSite.Controllers.ExpertController::.ctor(UseCases.Experts.GetExpertUseCase,UseCases.Cart.GetCartUseCase)
DA:16,0
DA:17,0
DA:18,0
DA:19,0
DA:20,0
LF:20
LH:0
BRF:8
BRH:0
FNF:2
FNH:0
end_of_record
SF:c:\Repositories\ExpertBooking\WebSite\Controllers\ExpertDetailsController.cs
FN:25,Microsoft.AspNetCore.Mvc.IActionResult WebSite.Controllers.ExpertDetailsController::GetDetails(System.String)
FNDA:0,Microsoft.AspNetCore.Mvc.IActionResult WebSite.Controllers.ExpertDetailsController::GetDetails(System.String)
DA:26,0
DA:27,0
DA:28,0
DA:29,0
DA:30,0
DA:31,0
DA:32,0
DA:33,0
DA:34,0
DA:35,0
DA:36,0
DA:37,0
DA:39,0
DA:40,0
BRDA:28,20,0,0
BRDA:28,20,1,0
BRDA:32,63,0,0
BRDA:32,63,1,0
BRDA:32,88,0,0
BRDA:34,105,0,0
BRDA:34,105,1,0
BRDA:32,88,1,0
FN:15,System.Void WebSite.Controllers.ExpertDetailsController::.ctor(UseCases.Experts.GetExpertUseCase,UseCases.Cart.GetCartUseCase)
FNDA:0,System.Void WebSite.Controllers.ExpertDetailsController::.ctor(UseCases.Experts.GetExpertUseCase,UseCases.Cart.GetCartUseCase)
DA:16,0
DA:17,0
DA:18,0
DA:19,0
DA:20,0
DA:21,0
DA:22,0
LF:21
LH:0
BRF:8
BRH:0
FNF:2
FNH:0
end_of_record
SF:c:\Repositories\ExpertBooking\WebSite\Controllers\HomeController.cs
FN:12,Microsoft.AspNetCore.Mvc.IActionResult WebSite.Controllers.HomeController::Index()
FNDA:0,Microsoft.AspNetCore.Mvc.IActionResult WebSite.Controllers.HomeController::Index()
DA:13,0
DA:14,0
DA:15,0
FN:7,System.Void WebSite.Controllers.HomeController::.ctor()
FNDA:0,System.Void WebSite.Controllers.HomeController::.ctor()
DA:8,0
DA:9,0
DA:10,0
LF:6
LH:0
BRF:0
BRH:0
FNF:2
FNH:0
end_of_record
SF:c:\Repositories\ExpertBooking\WebSite\Controllers\ListExpertsController.cs
FN:24,Microsoft.AspNetCore.Mvc.IActionResult WebSite.Controllers.ListExpertsController::Index(System.String)
FNDA:0,Microsoft.AspNetCore.Mvc.IActionResult WebSite.Controllers.ListExpertsController::Index(System.String)
DA:25,0
DA:26,0
DA:27,0
DA:28,0
DA:29,0
DA:30,0
DA:31,0
DA:32,0
DA:33,0
DA:34,0
DA:35,0
BRDA:29,41,0,0
BRDA:29,41,1,0
BRDA:29,63,0,0
BRDA:31,79,0,0
BRDA:31,79,1,0
BRDA:29,63,1,0
FN:15,System.Void WebSite.Controllers.ListExpertsController::.ctor(UseCases.Experts.ListExpertsUseCase,UseCases.Cart.GetCartUseCase)
FNDA:0,System.Void WebSite.Controllers.ListExpertsController::.ctor(UseCases.Experts.ListExpertsUseCase,UseCases.Cart.GetCartUseCase)
DA:16,0
DA:17,0
DA:18,0
DA:19,0
DA:20,0
DA:21,0
DA:22,0
LF:18
LH:0
BRF:6
BRH:0
FNF:2
FNH:0
end_of_record