SF:C:\Repositories\ExpertBooking\BusinessModels\Booking.cs
FN:4,System.String BusinessModels.Booking::get_BookerEmailAddress()
FNDA:27,System.String BusinessModels.Booking::get_BookerEmailAddress()
DA:5,27
FN:5,System.String[] BusinessModels.Booking::get_ExpertIds()
FNDA:21,System.String[] BusinessModels.Booking::get_ExpertIds()
DA:6,21
FN:6,System.String BusinessModels.Booking::get_TimePeriod()
FNDA:15,System.String BusinessModels.Booking::get_TimePeriod()
DA:7,15
FN:7,System.String BusinessModels.Booking::get_Description()
FNDA:16,System.String BusinessModels.Booking::get_Description()
DA:8,16
LF:4
LH:4
BRF:0
BRH:0
FNF:4
FNH:4
end_of_record
SF:C:\Repositories\ExpertBooking\BusinessModels\Cart.cs
FN:4,System.String BusinessModels.Cart::get_Id()
FNDA:40,System.String BusinessModels.Cart::get_Id()
DA:5,40
FN:5,System.Collections.Generic.List`1<System.String> BusinessModels.Cart::get_ExpertIds()
FNDA:37,System.Collections.Generic.List`1<System.String> BusinessModels.Cart::get_ExpertIds()
DA:6,37
LF:2
LH:2
BRF:0
BRH:0
FNF:2
FNH:2
end_of_record
SF:C:\Repositories\ExpertBooking\BusinessModels\Expert.cs
FN:5,System.String BusinessModels.Expert::get_Id()
FNDA:232,System.String BusinessModels.Expert::get_Id()
DA:6,232
FN:6,System.String BusinessModels.Expert::get_FirstName()
FNDA:91,System.String BusinessModels.Expert::get_FirstName()
DA:7,91
FN:7,System.String BusinessModels.Expert::get_LastName()
FNDA:91,System.String BusinessModels.Expert::get_LastName()
DA:8,91
FN:8,System.String BusinessModels.Expert::get_Role()
FNDA:91,System.String BusinessModels.Expert::get_Role()
DA:9,91
FN:9,System.String BusinessModels.Expert::get_Technology()
FNDA:97,System.String BusinessModels.Expert::get_Technology()
DA:10,97
FN:10,System.String BusinessModels.Expert::get_Description()
FNDA:92,System.String BusinessModels.Expert::get_Description()
DA:11,92
LF:6
LH:6
BRF:0
BRH:0
FNF:6
FNH:6
end_of_record
SF:C:\Repositories\ExpertBooking\Services\EmailServiceConfiguration.cs
FN:4,System.String Services.EmailServiceConfiguration::get_ApiKey()
FNDA:0,System.String Services.EmailServiceConfiguration::get_ApiKey()
DA:5,0
FN:5,System.String Services.EmailServiceConfiguration::get_ReceiverAddress()
FNDA:0,System.String Services.EmailServiceConfiguration::get_ReceiverAddress()
DA:6,0
LF:2
LH:0
BRF:0
BRH:0
FNF:2
FNH:0
end_of_record
SF:C:\Repositories\ExpertBooking\Services\EmailServiceConsoleLogImplementation.cs
FN:8,System.Void Services.EmailServiceConsoleLogImplementation/<SendEmail>d__0::MoveNext()
FNDA:0,System.Void Services.EmailServiceConsoleLogImplementation/<SendEmail>d__0::MoveNext()
DA:9,0
DA:10,0
DA:11,0
DA:12,0
DA:13,0
LF:5
LH:0
BRF:0
BRH:0
FNF:1
FNH:0
end_of_record
SF:C:\Repositories\ExpertBooking\Services\EmailServiceSendGridImplementation.cs
FN:10,System.String Services.EmailServiceSendGridImplementation::get__apiKey()
FNDA:0,System.String Services.EmailServiceSendGridImplementation::get__apiKey()
DA:11,0
FN:11,System.String Services.EmailServiceSendGridImplementation::get__bookingReceiver()
FNDA:0,System.String Services.EmailServiceSendGridImplementation::get__bookingReceiver()
DA:12,0
FN:51,System.String Services.EmailServiceSendGridImplementation::GenerateExpertsText(System.String[])
FNDA:0,System.String Services.EmailServiceSendGridImplementation::GenerateExpertsText(System.String[])
DA:52,0
DA:53,0
DA:54,0
DA:55,0
DA:56,0
DA:57,0
DA:58,0
DA:59,0
DA:60,0
DA:61,0
DA:62,0
BRDA:53,20,0,0
BRDA:53,20,1,0
BRDA:53,37,0,0
BRDA:53,37,1,0
BRDA:57,214,1,0
BRDA:57,214,0,0
FN:15,System.Void Services.EmailServiceSendGridImplementation::.ctor(Services.EmailServiceConfiguration,UseCases.Experts.ExpertsStorage)
FNDA:0,System.Void Services.EmailServiceSendGridImplementation::.ctor(Services.EmailServiceConfiguration,UseCases.Experts.ExpertsStorage)
DA:16,0
DA:17,0
DA:18,0
DA:19,0
DA:20,0
DA:21,0
FN:22,System.Void Services.EmailServiceSendGridImplementation/<SendEmail>d__10::MoveNext()
FNDA:0,System.Void Services.EmailServiceSendGridImplementation/<SendEmail>d__10::MoveNext()
DA:23,0
DA:24,0
DA:25,0
DA:26,0
DA:27,0
DA:28,0
DA:29,0
DA:30,0
DA:31,0
DA:32,0
DA:33,0
DA:34,0
DA:35,0
DA:36,0
DA:37,0
DA:38,0
DA:39,0
DA:40,0
DA:42,0
DA:43,0
DA:44,0
DA:45,0
DA:46,0
DA:47,0
DA:48,0
DA:49,0
DA:50,0
BRDA:37,582,0,0
BRDA:37,582,1,0
BRDA:44,914,1,0
BRDA:46,682,1,0
BRDA:46,682,0,0
BRDA:46,779,1,0
BRDA:46,779,0,0
BRDA:44,914,0,0
LF:46
LH:0
BRF:14
BRH:0
FNF:5
FNH:0
end_of_record
SF:C:\Repositories\ExpertBooking\Storage\CartStorageInMemoryImplementation.cs
FN:7,System.Collections.Generic.List`1<BusinessModels.Cart> Storage.CartStorageInMemoryImplementation::get__carts()
FNDA:28,System.Collections.Generic.List`1<BusinessModels.Cart> Storage.CartStorageInMemoryImplementation::get__carts()
DA:8,28
FN:13,BusinessModels.Cart Storage.CartStorageInMemoryImplementation::CreateCart()
FNDA:7,BusinessModels.Cart Storage.CartStorageInMemoryImplementation::CreateCart()
DA:14,7
DA:15,7
DA:16,7
DA:17,7
DA:18,7
DA:19,7
DA:20,7
DA:21,7
DA:22,7
FN:24,System.Void Storage.CartStorageInMemoryImplementation::DeleteCart(System.String)
FNDA:0,System.Void Storage.CartStorageInMemoryImplementation::DeleteCart(System.String)
DA:25,0
DA:26,0
DA:27,0
DA:28,0
DA:29,0
BRDA:27,44,0,0
BRDA:27,44,1,0
FN:31,BusinessModels.Cart Storage.CartStorageInMemoryImplementation::GetCart(System.String)
FNDA:6,BusinessModels.Cart Storage.CartStorageInMemoryImplementation::GetCart(System.String)
DA:32,6
DA:33,11
DA:34,6
FN:36,System.Void Storage.CartStorageInMemoryImplementation::UpdateCart(UseCases.Cart.CartUpdate)
FNDA:9,System.Void Storage.CartStorageInMemoryImplementation::UpdateCart(UseCases.Cart.CartUpdate)
DA:37,9
DA:38,19
DA:39,9
DA:40,9
DA:41,9
BRDA:39,39,0,9
BRDA:39,39,1,0
BRDA:39,55,0,9
BRDA:39,55,1,9
FN:43,System.Collections.Generic.List`1<BusinessModels.Cart> Storage.CartStorageInMemoryImplementation::ListCarts()
FNDA:0,System.Collections.Generic.List`1<BusinessModels.Cart> Storage.CartStorageInMemoryImplementation::ListCarts()
DA:44,0
DA:45,0
DA:46,0
FN:8,System.Void Storage.CartStorageInMemoryImplementation::.ctor()
FNDA:6,System.Void Storage.CartStorageInMemoryImplementation::.ctor()
DA:9,6
DA:10,6
DA:11,6
DA:12,6
LF:30
LH:22
BRF:6
BRH:3
FNF:7
FNH:5
end_of_record
SF:C:\Repositories\ExpertBooking\Storage\CartStorageSqliteImplementation.cs
FN:14,BusinessModels.Cart Storage.CartStorageSqliteImplementation::CreateCart()
FNDA:0,BusinessModels.Cart Storage.CartStorageSqliteImplementation::CreateCart()
DA:15,0
DA:16,0
DA:17,0
DA:18,0
DA:19,0
DA:20,0
DA:22,0
DA:23,0
DA:24,0
FN:26,System.Void Storage.CartStorageSqliteImplementation::DeleteCart(System.String)
FNDA:0,System.Void Storage.CartStorageSqliteImplementation::DeleteCart(System.String)
DA:27,0
DA:28,0
DA:29,0
FN:31,BusinessModels.Cart Storage.CartStorageSqliteImplementation::GetCart(System.String)
FNDA:0,BusinessModels.Cart Storage.CartStorageSqliteImplementation::GetCart(System.String)
DA:32,0
DA:33,0
DA:34,0
DA:35,0
DA:36,0
DA:37,0
DA:38,0
DA:39,0
DA:40,0
DA:41,0
DA:43,0
DA:44,0
BRDA:35,52,0,0
BRDA:35,52,1,0
FN:46,System.Collections.Generic.List`1<BusinessModels.Cart> Storage.CartStorageSqliteImplementation::ListCarts()
FNDA:0,System.Collections.Generic.List`1<BusinessModels.Cart> Storage.CartStorageSqliteImplementation::ListCarts()
DA:47,0
DA:48,0
DA:49,0
DA:50,0
DA:51,0
DA:52,0
DA:53,0
FN:55,System.Void Storage.CartStorageSqliteImplementation::UpdateCart(UseCases.Cart.CartUpdate)
FNDA:0,System.Void Storage.CartStorageSqliteImplementation::UpdateCart(UseCases.Cart.CartUpdate)
DA:56,0
DA:57,0
DA:58,0
DA:59,0
DA:60,0
BRDA:58,20,0,0
BRDA:58,20,1,0
FN:61,System.Void Storage.CartStorageSqliteImplementation::UpdateExperts(UseCases.Cart.CartUpdate)
FNDA:0,System.Void Storage.CartStorageSqliteImplementation::UpdateExperts(UseCases.Cart.CartUpdate)
DA:62,0
DA:63,0
DA:64,0
DA:65,0
DA:66,0
DA:67,0
DA:69,0
BRDA:64,99,1,0
BRDA:64,99,0,0
FN:8,System.Void Storage.CartStorageSqliteImplementation::.ctor(Storage.SqlController)
FNDA:0,System.Void Storage.CartStorageSqliteImplementation::.ctor(Storage.SqlController)
DA:9,0
DA:10,0
DA:11,0
DA:12,0
LF:47
LH:0
BRF:6
BRH:0
FNF:7
FNH:0
end_of_record
SF:C:\Repositories\ExpertBooking\Storage\DatabaseColumnNameHelper.cs
FN:5,System.String Storage.DatabaseColumnNameHelper::GetColumnName(Storage.DatabaseColumnName)
FNDA:0,System.String Storage.DatabaseColumnNameHelper::GetColumnName(Storage.DatabaseColumnName)
DA:6,0
DA:7,0
DA:9,0
DA:11,0
DA:13,0
DA:15,0
DA:17,0
BRDA:7,6,1,0
BRDA:7,6,2,0
BRDA:7,6,3,0
BRDA:7,6,0,0
LF:7
LH:0
BRF:4
BRH:0
FNF:1
FNH:0
end_of_record
SF:C:\Repositories\ExpertBooking\Storage\DatabaseTableNameHelper.cs
FN:5,System.String Storage.DatabaseTableNameHelper::GetTableName(Storage.DatabaseTableName)
FNDA:0,System.String Storage.DatabaseTableNameHelper::GetTableName(Storage.DatabaseTableName)
DA:6,0
DA:7,0
DA:9,0
DA:11,0
DA:13,0
DA:15,0
DA:17,0
BRDA:7,6,1,0
BRDA:7,6,2,0
BRDA:7,6,3,0
BRDA:7,6,0,0
LF:7
LH:0
BRF:4
BRH:0
FNF:1
FNH:0
end_of_record
SF:C:\Repositories\ExpertBooking\Storage\ExpertFilteringHelper.cs
FN:6,BusinessModels.Expert[] Storage.ExpertFilteringHelper::FilterExperts(BusinessModels.Expert[],System.String,System.String,System.String[])
FNDA:6,BusinessModels.Expert[] Storage.ExpertFilteringHelper::FilterExperts(BusinessModels.Expert[],System.String,System.String,System.String[])
DA:7,6
DA:8,6
DA:9,6
DA:10,3
DA:11,3
DA:12,45
DA:13,18
DA:14,18
DA:15,18
DA:16,6
DA:17,6
DA:18,6
DA:19,18
DA:20,3
DA:21,6
BRDA:8,2,0,0
BRDA:8,2,1,6
BRDA:8,18,0,5
BRDA:8,18,1,1
BRDA:8,29,0,3
BRDA:8,29,1,3
BRDA:12,107,1,18
BRDA:14,65,0,15
BRDA:14,65,1,3
BRDA:14,82,0,6
BRDA:14,82,1,18
BRDA:12,107,0,3
FN:23,System.Boolean Storage.ExpertFilteringHelper::FilterTechnology(BusinessModels.Expert,System.String,System.String)
FNDA:18,System.Boolean Storage.ExpertFilteringHelper::FilterTechnology(BusinessModels.Expert,System.String,System.String)
DA:24,18
DA:25,18
DA:26,12
DA:27,6
DA:28,6
DA:29,6
DA:30,15
DA:31,18
BRDA:25,21,0,0
BRDA:25,21,1,18
BRDA:25,39,0,12
BRDA:25,39,1,6
FN:33,System.Boolean Storage.ExpertFilteringHelper::FilterId(BusinessModels.Expert,System.String[])
FNDA:15,System.Boolean Storage.ExpertFilteringHelper::FilterId(BusinessModels.Expert,System.String[])
DA:34,15
DA:35,15
DA:36,3
DA:37,27
DA:38,15
BRDA:35,20,0,3
BRDA:35,20,1,12
LF:28
LH:28
BRF:18
BRH:16
FNF:3
FNH:3
end_of_record
SF:C:\Repositories\ExpertBooking\Storage\ExpertsStorageInMemoryImplementation.cs
FN:8,System.Collections.Generic.IDictionary`2<System.String,BusinessModels.Expert> Storage.ExpertsStorageInMemoryImplementation::get__experts()
FNDA:79,System.Collections.Generic.IDictionary`2<System.String,BusinessModels.Expert> Storage.ExpertsStorageInMemoryImplementation::get__experts()
DA:9,79
FN:22,BusinessModels.Expert[] Storage.ExpertsStorageInMemoryImplementation::GetExperts(System.String,System.String[])
FNDA:6,BusinessModels.Expert[] Storage.ExpertsStorageInMemoryImplementation::GetExperts(System.String,System.String[])
DA:23,6
DA:24,6
DA:25,6
FN:27,BusinessModels.Expert Storage.ExpertsStorageInMemoryImplementation::GetExpert(System.String)
FNDA:4,BusinessModels.Expert Storage.ExpertsStorageInMemoryImplementation::GetExpert(System.String)
DA:28,4
DA:30,4
DA:31,4
DA:33,2
DA:34,2
DA:36,2
DA:37,2
DA:38,4
FN:40,System.Boolean Storage.ExpertsStorageInMemoryImplementation::Exists(System.String)
FNDA:4,System.Boolean Storage.ExpertsStorageInMemoryImplementation::Exists(System.String)
DA:41,4
DA:42,4
DA:43,4
FN:45,System.Void Storage.ExpertsStorageInMemoryImplementation::EditExpert(UseCases.Experts.EditExpertRequest)
FNDA:2,System.Void Storage.ExpertsStorageInMemoryImplementation::EditExpert(UseCases.Experts.EditExpertRequest)
DA:46,2
DA:47,2
FN:10,System.Void Storage.ExpertsStorageInMemoryImplementation::.ctor(BusinessModels.Expert[])
FNDA:34,System.Void Storage.ExpertsStorageInMemoryImplementation::.ctor(BusinessModels.Expert[])
DA:11,34
DA:12,34
DA:13,34
DA:14,164
DA:15,31
DA:16,31
DA:17,31
DA:18,31
DA:20,34
BRDA:14,84,1,31
BRDA:16,33,0,31
BRDA:16,33,1,0
BRDA:16,54,0,31
BRDA:16,54,1,31
BRDA:14,84,0,34
LF:26
LH:26
BRF:6
BRH:5
FNF:6
FNH:6
end_of_record
SF:C:\Repositories\ExpertBooking\Storage\ExpertStorageSqliteImplementation.cs
FN:16,System.Void Storage.ExpertStorageSqliteImplementation::EditExpert(UseCases.Experts.EditExpertRequest)
FNDA:0,System.Void Storage.ExpertStorageSqliteImplementation::EditExpert(UseCases.Experts.EditExpertRequest)
DA:17,0
DA:19,0
FN:21,System.Boolean Storage.ExpertStorageSqliteImplementation::Exists(System.String)
FNDA:0,System.Boolean Storage.ExpertStorageSqliteImplementation::Exists(System.String)
DA:22,0
DA:23,0
DA:24,0
DA:25,0
FN:27,BusinessModels.Expert Storage.ExpertStorageSqliteImplementation::GetExpert(System.String)
FNDA:0,BusinessModels.Expert Storage.ExpertStorageSqliteImplementation::GetExpert(System.String)
DA:28,0
DA:29,0
DA:30,0
DA:31,0
DA:32,0
DA:33,0
DA:34,0
DA:35,0
DA:36,0
DA:37,0
DA:38,0
DA:39,0
FN:41,BusinessModels.Expert[] Storage.ExpertStorageSqliteImplementation::GetExperts(System.String,System.String[])
FNDA:0,BusinessModels.Expert[] Storage.ExpertStorageSqliteImplementation::GetExperts(System.String,System.String[])
DA:42,0
DA:43,0
DA:44,0
DA:45,0
DA:46,0
DA:47,0
DA:48,0
DA:49,0
DA:50,0
DA:51,0
DA:52,0
DA:53,0
DA:54,0
FN:10,System.Void Storage.ExpertStorageSqliteImplementation::.ctor(Storage.SqlController)
FNDA:0,System.Void Storage.ExpertStorageSqliteImplementation::.ctor(Storage.SqlController)
DA:11,0
DA:12,0
DA:13,0
DA:14,0
LF:35
LH:0
BRF:0
BRH:0
FNF:5
FNH:0
end_of_record
SF:C:\Repositories\ExpertBooking\UseCases\Experts\BookExpertUseCase.cs
FN:7,UseCases.Email.EmailService UseCases.Experts.BookExpertUseCase::get__emailService()
FNDA:13,UseCases.Email.EmailService UseCases.Experts.BookExpertUseCase::get__emailService()
DA:8,13
FN:9,System.Void UseCases.Experts.BookExpertUseCase::.ctor(UseCases.Email.EmailService)
FNDA:7,System.Void UseCases.Experts.BookExpertUseCase::.ctor(UseCases.Email.EmailService)
DA:10,7
DA:11,7
DA:12,7
DA:13,7
FN:15,System.Void UseCases.Experts.BookExpertUseCase/<Execute>d__5::MoveNext()
FNDA:7,System.Void UseCases.Experts.BookExpertUseCase/<Execute>d__5::MoveNext()
DA:16,7
DA:17,7
DA:18,1
DA:19,6
DA:20,6
BRDA:17,33,0,1
BRDA:17,33,1,6
LF:10
LH:10
BRF:2
BRH:2
FNF:3
FNH:3
end_of_record
SF:C:\Repositories\ExpertBooking\UseCases\Experts\EditExpertRequest.cs
FN:4,System.String UseCases.Experts.EditExpertRequest::get_Id()
FNDA:15,System.String UseCases.Experts.EditExpertRequest::get_Id()
DA:5,15
FN:5,System.String UseCases.Experts.EditExpertRequest::get_FirstName()
FNDA:5,System.String UseCases.Experts.EditExpertRequest::get_FirstName()
DA:6,5
FN:6,System.String UseCases.Experts.EditExpertRequest::get_LastName()
FNDA:5,System.String UseCases.Experts.EditExpertRequest::get_LastName()
DA:7,5
FN:7,System.String UseCases.Experts.EditExpertRequest::get_Role()
FNDA:1,System.String UseCases.Experts.EditExpertRequest::get_Role()
DA:8,1
FN:8,System.String UseCases.Experts.EditExpertRequest::get_Technology()
FNDA:5,System.String UseCases.Experts.EditExpertRequest::get_Technology()
DA:9,5
FN:9,System.String UseCases.Experts.EditExpertRequest::get_Description()
FNDA:9,System.String UseCases.Experts.EditExpertRequest::get_Description()
DA:10,9
LF:6
LH:6
BRF:0
BRH:0
FNF:6
FNH:6
end_of_record
SF:C:\Repositories\ExpertBooking\UseCases\Experts\EditExpertUseCase.cs
FN:7,UseCases.Experts.ExpertsStorage UseCases.Experts.EditExpertUseCase::get__storage()
FNDA:21,UseCases.Experts.ExpertsStorage UseCases.Experts.EditExpertUseCase::get__storage()
DA:8,21
FN:14,System.Void UseCases.Experts.EditExpertUseCase::Execute(UseCases.Experts.EditExpertRequest)
FNDA:6,System.Void UseCases.Experts.EditExpertUseCase::Execute(UseCases.Experts.EditExpertRequest)
DA:15,6
DA:16,6
DA:17,1
DA:18,5
DA:19,1
DA:20,4
DA:21,2
DA:22,2
DA:23,2
BRDA:16,12,0,1
BRDA:16,12,1,5
BRDA:18,29,0,1
BRDA:18,29,1,4
BRDA:20,59,0,2
BRDA:20,59,1,2
FN:24,System.Boolean UseCases.Experts.EditExpertUseCase::AllFieldAreEmpty(UseCases.Experts.EditExpertRequest)
FNDA:5,System.Boolean UseCases.Experts.EditExpertUseCase::AllFieldAreEmpty(UseCases.Experts.EditExpertRequest)
DA:25,5
DA:26,5
DA:27,5
DA:28,5
DA:29,5
DA:30,5
DA:31,5
BRDA:26,7,0,5
BRDA:26,15,0,5
BRDA:26,23,0,5
BRDA:26,31,0,1
BRDA:26,7,1,4
BRDA:26,15,1,4
BRDA:26,23,1,4
BRDA:26,31,1,4
FN:9,System.Void UseCases.Experts.EditExpertUseCase::.ctor(UseCases.Experts.ExpertsStorage)
FNDA:15,System.Void UseCases.Experts.EditExpertUseCase::.ctor(UseCases.Experts.ExpertsStorage)
DA:10,15
DA:11,15
DA:12,15
DA:13,15
LF:21
LH:21
BRF:14
BRH:14
FNF:4
FNH:4
end_of_record
SF:C:\Repositories\ExpertBooking\UseCases\Experts\GetExpertUseCase.cs
FN:13,BusinessModels.Expert UseCases.Experts.GetExpertUseCase::Execute(System.String)
FNDA:5,BusinessModels.Expert UseCases.Experts.GetExpertUseCase::Execute(System.String)
DA:14,5
DA:15,5
DA:16,1
DA:17,4
DA:18,5
BRDA:15,7,0,1
BRDA:15,7,1,4
FN:7,System.Void UseCases.Experts.GetExpertUseCase::.ctor(UseCases.Experts.ExpertsStorage)
FNDA:8,System.Void UseCases.Experts.GetExpertUseCase::.ctor(UseCases.Experts.ExpertsStorage)
DA:8,8
DA:9,8
DA:10,8
DA:11,8
LF:9
LH:9
BRF:2
BRH:2
FNF:2
FNH:2
end_of_record
SF:C:\Repositories\ExpertBooking\UseCases\Experts\ListExpertsUseCase.cs
FN:5,UseCases.Experts.ExpertsStorage UseCases.Experts.ListExpertsUseCase::get__storage()
FNDA:17,UseCases.Experts.ExpertsStorage UseCases.Experts.ListExpertsUseCase::get__storage()
DA:6,17
FN:12,BusinessModels.Expert[] UseCases.Experts.ListExpertsUseCase::Execute(System.String,System.String[])
FNDA:6,BusinessModels.Expert[] UseCases.Experts.ListExpertsUseCase::Execute(System.String,System.String[])
DA:13,6
DA:14,6
DA:15,6
FN:6,System.Void UseCases.Experts.ListExpertsUseCase::.ctor(UseCases.Experts.ExpertsStorage)
FNDA:11,System.Void UseCases.Experts.ListExpertsUseCase::.ctor(UseCases.Experts.ExpertsStorage)
DA:7,11
DA:8,11
DA:9,11
DA:10,11
LF:8
LH:8
BRF:0
BRH:0
FNF:3
FNH:3
end_of_record
SF:C:\Repositories\ExpertBooking\UseCases\Exceptions\InvalidBookingException.cs
FN:4,System.Void UseCases.Exceptions.InvalidBookingException::.ctor(System.String)
FNDA:1,System.Void UseCases.Exceptions.InvalidBookingException::.ctor(System.String)
DA:5,1
DA:6,1
DA:7,1
LF:3
LH:3
BRF:0
BRH:0
FNF:1
FNH:1
end_of_record
SF:C:\Repositories\ExpertBooking\UseCases\Exceptions\InvalidEditCartRequestException.cs
FN:4,System.Void UseCases.Exceptions.InvalidEditCartRequestException::.ctor(System.String)
FNDA:0,System.Void UseCases.Exceptions.InvalidEditCartRequestException::.ctor(System.String)
DA:5,0
DA:6,0
DA:7,0
LF:3
LH:0
BRF:0
BRH:0
FNF:1
FNH:0
end_of_record
SF:C:\Repositories\ExpertBooking\UseCases\Cart\AddExpertToCartUseCase.cs
FN:11,System.String UseCases.Cart.AddExpertToCartUseCase::Execute(UseCases.Cart.EditCartRequest)
FNDA:9,System.String UseCases.Cart.AddExpertToCartUseCase::Execute(UseCases.Cart.EditCartRequest)
DA:12,9
DA:13,9
DA:14,9
DA:15,1
DA:16,9
DA:17,9
DA:18,9
DA:19,9
DA:20,9
DA:21,9
DA:22,9
BRDA:13,12,0,3
BRDA:13,12,1,6
BRDA:14,51,0,1
BRDA:14,51,1,9
FN:6,System.Void UseCases.Cart.AddExpertToCartUseCase::.ctor(UseCases.Cart.CartStorage)
FNDA:6,System.Void UseCases.Cart.AddExpertToCartUseCase::.ctor(UseCases.Cart.CartStorage)
DA:7,6
DA:8,6
DA:9,6
DA:10,6
LF:15
LH:15
BRF:4
BRH:4
FNF:2
FNH:2
end_of_record
SF:C:\Repositories\ExpertBooking\UseCases\Cart\CartUpdate.cs
FN:4,System.String UseCases.Cart.CartUpdate::get_CartId()
FNDA:19,System.String UseCases.Cart.CartUpdate::get_CartId()
DA:5,19
FN:5,System.Collections.Generic.List`1<System.String> UseCases.Cart.CartUpdate::get_ExpertIds()
FNDA:18,System.Collections.Generic.List`1<System.String> UseCases.Cart.CartUpdate::get_ExpertIds()
DA:6,18
LF:2
LH:2
BRF:0
BRH:0
FNF:2
FNH:2
end_of_record
SF:C:\Repositories\ExpertBooking\UseCases\Cart\EditCartRequest.cs
FN:4,System.String UseCases.Cart.EditCartRequest::get_CartId()
FNDA:15,System.String UseCases.Cart.EditCartRequest::get_CartId()
DA:5,15
FN:5,System.String UseCases.Cart.EditCartRequest::get_ExpertId()
FNDA:13,System.String UseCases.Cart.EditCartRequest::get_ExpertId()
DA:6,13
LF:2
LH:2
BRF:0
BRH:0
FNF:2
FNH:2
end_of_record
SF:C:\Repositories\ExpertBooking\UseCases\Cart\GetCartUseCase.cs
FN:4,UseCases.Cart.CartStorage UseCases.Cart.GetCartUseCase::get__storage()
FNDA:0,UseCases.Cart.CartStorage UseCases.Cart.GetCartUseCase::get__storage()
DA:5,0
FN:11,BusinessModels.Cart UseCases.Cart.GetCartUseCase::Execute(System.String)
FNDA:0,BusinessModels.Cart UseCases.Cart.GetCartUseCase::Execute(System.String)
DA:12,0
DA:13,0
DA:14,0
FN:5,System.Void UseCases.Cart.GetCartUseCase::.ctor(UseCases.Cart.CartStorage)
FNDA:0,System.Void UseCases.Cart.GetCartUseCase::.ctor(UseCases.Cart.CartStorage)
DA:6,0
DA:7,0
DA:8,0
DA:9,0
LF:8
LH:0
BRF:0
BRH:0
FNF:3
FNH:0
end_of_record
SF:C:\Repositories\ExpertBooking\UseCases\Cart\ListCartsUseCase.cs
FN:4,UseCases.Cart.CartStorage UseCases.Cart.ListCartsUseCase::get__storage()
FNDA:0,UseCases.Cart.CartStorage UseCases.Cart.ListCartsUseCase::get__storage()
DA:5,0
FN:11,System.Collections.Generic.List`1<BusinessModels.Cart> UseCases.Cart.ListCartsUseCase::Execute()
FNDA:0,System.Collections.Generic.List`1<BusinessModels.Cart> UseCases.Cart.ListCartsUseCase::Execute()
DA:12,0
DA:13,0
DA:14,0
FN:5,System.Void UseCases.Cart.ListCartsUseCase::.ctor(UseCases.Cart.CartStorage)
FNDA:0,System.Void UseCases.Cart.ListCartsUseCase::.ctor(UseCases.Cart.CartStorage)
DA:6,0
DA:7,0
DA:8,0
DA:9,0
LF:8
LH:0
BRF:0
BRH:0
FNF:3
FNH:0
end_of_record
SF:C:\Repositories\ExpertBooking\UseCases\Cart\RemoveExpertFromCartUseCase.cs
FN:14,System.Void UseCases.Cart.RemoveExpertFromCartUseCase::Execute(UseCases.Cart.EditCartRequest)
FNDA:0,System.Void UseCases.Cart.RemoveExpertFromCartUseCase::Execute(UseCases.Cart.EditCartRequest)
DA:15,0
DA:16,0
DA:17,0
DA:18,0
DA:19,0
DA:20,0
DA:21,0
DA:22,0
DA:23,0
DA:24,0
DA:25,0
DA:26,0
DA:27,0
DA:28,0
DA:29,0
DA:30,0
DA:31,0
DA:32,0
DA:33,0
BRDA:16,25,0,0
BRDA:16,25,1,0
BRDA:18,56,0,0
BRDA:18,56,1,0
BRDA:20,89,0,0
BRDA:20,89,1,0
BRDA:23,133,0,0
BRDA:23,133,1,0
BRDA:25,172,0,0
BRDA:25,172,1,0
FN:9,System.Void UseCases.Cart.RemoveExpertFromCartUseCase::.ctor(UseCases.Cart.CartStorage)
FNDA:0,System.Void UseCases.Cart.RemoveExpertFromCartUseCase::.ctor(UseCases.Cart.CartStorage)
DA:10,0
DA:11,0
DA:12,0
DA:13,0
LF:23
LH:0
BRF:10
BRH:0
FNF:2
FNH:0
end_of_record
SF:c:\Repositories\ExpertBooking\WebSite\Startup.cs
FN:7,System.Void Program::<Main>$(System.String[])
FNDA:0,System.Void Program::<Main>$(System.String[])
DA:8,0
DA:11,0
DA:14,0
DA:15,0
DA:17,0
DA:20,0
DA:21,0
DA:22,0
DA:24,0
DA:25,0
DA:27,0
DA:28,0
DA:30,0
DA:32,0
DA:34,0
DA:35,0
DA:36,0
DA:38,0
BRDA:20,61,0,0
BRDA:20,61,1,0
FN:40,Microsoft.Extensions.Configuration.IConfigurationRoot Program::<<Main>$>g__GetConfigFromAzure|0_0()
FNDA:0,Microsoft.Extensions.Configuration.IConfigurationRoot Program::<<Main>$>g__GetConfigFromAzure|0_0()
DA:41,0
DA:42,0
DA:43,0
DA:44,0
DA:45,0
DA:46,0
FN:48,System.Void Program::<<Main>$>g__AddServices|0_1(Microsoft.Extensions.DependencyInjection.IServiceCollection,Microsoft.Extensions.Configuration.IConfigurationRoot)
FNDA:0,System.Void Program::<<Main>$>g__AddServices|0_1(Microsoft.Extensions.DependencyInjection.IServiceCollection,Microsoft.Extensions.Configuration.IConfigurationRoot)
DA:49,0
DA:50,0
DA:51,0
DA:52,0
DA:53,0
DA:54,0
DA:55,0
DA:56,0
DA:58,0
DA:59,0
DA:60,0
DA:61,0
DA:62,0
DA:63,0
DA:65,0
DA:66,0
DA:67,0
DA:68,0
DA:70,0
DA:71,0
DA:72,0
DA:75,0
LF:46
LH:0
BRF:2
BRH:0
FNF:3
FNH:0
end_of_record
SF:c:\Repositories\ExpertBooking\WebSite\Views\Booking\_bookingSubmitButton.cshtml
FN:5,System.Void AspNetCoreGeneratedDocument.Views_Booking__bookingSubmitButton/<ExecuteAsync>d__0::MoveNext()
FNDA:0,System.Void AspNetCoreGeneratedDocument.Views_Booking__bookingSubmitButton/<ExecuteAsync>d__0::MoveNext()
DA:6,0
DA:7,0
DA:9,0
DA:10,0
DA:11,0
BRDA:6,43,0,0
BRDA:6,43,1,0
LF:5
LH:0
BRF:2
BRH:0
FNF:1
FNH:0
end_of_record
SF:c:\Repositories\ExpertBooking\WebSite\Views\Cart\Index.cshtml
FN:2,System.Void AspNetCoreGeneratedDocument.Views_Cart_Index/<ExecuteAsync>d__0::MoveNext()
FNDA:0,System.Void AspNetCoreGeneratedDocument.Views_Cart_Index/<ExecuteAsync>d__0::MoveNext()
DA:3,0
DA:4,0
DA:5,0
DA:7,0
DA:8,0
DA:9,0
DA:10,0
DA:13,0
BRDA:3,317,1,0
BRDA:7,242,1,0
BRDA:7,242,0,0
BRDA:3,317,0,0
LF:8
LH:0
BRF:4
BRH:0
FNF:1
FNH:0
end_of_record
SF:c:\Repositories\ExpertBooking\WebSite\Views\Cart\_addToCartCheckmark.cshtml
FN:11,System.Void AspNetCoreGeneratedDocument.Views_Cart__addToCartCheckmark/<<ExecuteAsync>b__11_0>d::MoveNext()
FNDA:0,System.Void AspNetCoreGeneratedDocument.Views_Cart__addToCartCheckmark/<<ExecuteAsync>b__11_0>d::MoveNext()
DA:12,0
DA:17,0
FN:28,System.Void AspNetCoreGeneratedDocument.Views_Cart__addToCartCheckmark/<<ExecuteAsync>b__11_1>d::MoveNext()
FNDA:0,System.Void AspNetCoreGeneratedDocument.Views_Cart__addToCartCheckmark/<<ExecuteAsync>b__11_1>d::MoveNext()
DA:29,0
DA:33,0
FN:2,System.Void AspNetCoreGeneratedDocument.Views_Cart__addToCartCheckmark/<ExecuteAsync>d__11::MoveNext()
FNDA:0,System.Void AspNetCoreGeneratedDocument.Views_Cart__addToCartCheckmark/<ExecuteAsync>d__11::MoveNext()
DA:3,0
DA:4,0
DA:8,0
DA:20,0
DA:21,0
DA:25,0
BRDA:8,776,0,0
BRDA:8,776,1,0
BRDA:25,1714,0,0
BRDA:25,1714,1,0
LF:10
LH:0
BRF:4
BRH:0
FNF:3
FNH:0
end_of_record
SF:c:\Repositories\ExpertBooking\WebSite\Views\Cart\_cartCount.cshtml
FN:5,System.Void AspNetCoreGeneratedDocument.Views_Cart__cartCount/<ExecuteAsync>d__0::MoveNext()
FNDA:0,System.Void AspNetCoreGeneratedDocument.Views_Cart__cartCount/<ExecuteAsync>d__0::MoveNext()
DA:6,0
DA:7,0
DA:8,0
DA:9,0
BRDA:6,41,0,0
BRDA:6,41,1,0
LF:4
LH:0
BRF:2
BRH:0
FNF:1
FNH:0
end_of_record
SF:c:\Repositories\ExpertBooking\WebSite\Views\Cart\_cartDetails.cshtml
FN:19,System.Void AspNetCoreGeneratedDocument.Views_Cart__cartDetails/<ExecuteAsync>d__0::MoveNext()
FNDA:0,System.Void AspNetCoreGeneratedDocument.Views_Cart__cartDetails/<ExecuteAsync>d__0::MoveNext()
DA:20,0
DA:21,0
DA:23,0
DA:24,0
DA:25,0
DA:26,0
DA:30,0
DA:31,0
DA:33,0
DA:41,0
DA:43,0
DA:44,0
DA:46,0
DA:53,0
BRDA:20,36,0,0
BRDA:20,54,0,0
BRDA:20,36,1,0
BRDA:20,54,1,0
BRDA:20,85,0,0
BRDA:23,854,1,0
BRDA:23,854,0,0
BRDA:20,85,1,0
BRDA:53,970,0,0
BRDA:53,970,1,0
BRDA:53,990,0,0
BRDA:53,990,1,0
LF:14
LH:0
BRF:12
BRH:0
FNF:1
FNH:0
end_of_record
SF:c:\Repositories\ExpertBooking\WebSite\Views\Cart\_removeFromCartCheckmark.cshtml
FN:9,System.Void AspNetCoreGeneratedDocument.Views_Cart__removeFromCartCheckmark/<<ExecuteAsync>b__11_0>d::MoveNext()
FNDA:0,System.Void AspNetCoreGeneratedDocument.Views_Cart__removeFromCartCheckmark/<<ExecuteAsync>b__11_0>d::MoveNext()
DA:10,0
DA:12,0
FN:25,System.Void AspNetCoreGeneratedDocument.Views_Cart__removeFromCartCheckmark/<<ExecuteAsync>b__11_1>d::MoveNext()
FNDA:0,System.Void AspNetCoreGeneratedDocument.Views_Cart__removeFromCartCheckmark/<<ExecuteAsync>b__11_1>d::MoveNext()
DA:26,0
DA:28,0
FN:2,System.Void AspNetCoreGeneratedDocument.Views_Cart__removeFromCartCheckmark/<ExecuteAsync>d__11::MoveNext()
FNDA:0,System.Void AspNetCoreGeneratedDocument.Views_Cart__removeFromCartCheckmark/<ExecuteAsync>d__11::MoveNext()
DA:3,0
DA:4,0
DA:8,0
DA:19,0
DA:20,0
DA:24,0
BRDA:8,776,0,0
BRDA:8,776,1,0
BRDA:24,1714,0,0
BRDA:24,1714,1,0
LF:10
LH:0
BRF:4
BRH:0
FNF:3
FNH:0
end_of_record
SF:c:\Repositories\ExpertBooking\WebSite\Views\ExpertDetails\_ExpertModal.cshtml
FN:13,System.Void AspNetCoreGeneratedDocument.Views_ExpertDetails__ExpertModal/<ExecuteAsync>d__0::MoveNext()
FNDA:0,System.Void AspNetCoreGeneratedDocument.Views_ExpertDetails__ExpertModal/<ExecuteAsync>d__0::MoveNext()
DA:14,0
DA:17,0
DA:18,0
DA:22,0
DA:29,0
DA:32,0
LF:6
LH:0
BRF:0
BRH:0
FNF:1
FNH:0
end_of_record
SF:c:\Repositories\ExpertBooking\WebSite\Views\Expert\_expertDetails.cshtml
FN:1,System.Void AspNetCoreGeneratedDocument.Views_Expert__expertDetails/<ExecuteAsync>d__0::MoveNext()
FNDA:0,System.Void AspNetCoreGeneratedDocument.Views_Expert__expertDetails/<ExecuteAsync>d__0::MoveNext()
DA:2,0
DA:3,0
LF:2
LH:0
BRF:0
BRH:0
FNF:1
FNH:0
end_of_record
SF:c:\Repositories\ExpertBooking\WebSite\Views\ListExperts\_expertTable.cshtml
FN:29,System.Void AspNetCoreGeneratedDocument.Views_ListExperts__expertTable/<ExecuteAsync>d__14::MoveNext()
FNDA:0,System.Void AspNetCoreGeneratedDocument.Views_ListExperts__expertTable/<ExecuteAsync>d__14::MoveNext()
DA:30,0
DA:31,0
DA:32,0
DA:33,0
DA:38,0
DA:40,0
DA:44,0
DA:48,0
DA:52,0
DA:65,0
BRDA:30,461,0,0
BRDA:30,461,1,0
BRDA:30,953,0,0
BRDA:30,953,1,0
BRDA:30,1445,0,0
BRDA:30,1445,1,0
BRDA:30,1937,0,0
BRDA:30,1937,1,0
BRDA:30,2429,0,0
BRDA:30,2429,1,0
BRDA:30,2923,0,0
BRDA:30,2923,1,0
BRDA:30,3417,0,0
BRDA:30,3417,1,0
BRDA:30,4539,1,0
BRDA:30,4539,0,0
LF:10
LH:0
BRF:16
BRH:0
FNF:1
FNH:0
end_of_record
SF:c:\Repositories\ExpertBooking\WebSite\Views\Shared\Error.cshtml
FN:2,System.Void AspNetCoreGeneratedDocument.Views_Shared_Error/<ExecuteAsync>d__0::MoveNext()
FNDA:0,System.Void AspNetCoreGeneratedDocument.Views_Shared_Error/<ExecuteAsync>d__0::MoveNext()
DA:3,0
DA:9,0
DA:10,0
DA:12,0
DA:14,0
BRDA:9,64,0,0
BRDA:9,64,1,0
BRDA:9,77,0,0
BRDA:12,115,0,0
BRDA:12,115,1,0
BRDA:9,77,1,0
LF:5
LH:0
BRF:6
BRH:0
FNF:1
FNH:0
end_of_record
SF:c:\Repositories\ExpertBooking\WebSite\Views\_ViewStart.cshtml
FN:1,System.Void AspNetCoreGeneratedDocument.Views__ViewStart/<ExecuteAsync>d__0::MoveNext()
FNDA:0,System.Void AspNetCoreGeneratedDocument.Views__ViewStart/<ExecuteAsync>d__0::MoveNext()
DA:2,0
LF:1
LH:0
BRF:0
BRH:0
FNF:1
FNH:0
end_of_record
SF:c:\Repositories\ExpertBooking\WebSite\Views\Shared\_Layout.cshtml
FN:8,System.Void AspNetCoreGeneratedDocument.Views_Shared__Layout/<<ExecuteAsync>b__25_0>d::MoveNext()
FNDA:0,System.Void AspNetCoreGeneratedDocument.Views_Shared__Layout/<<ExecuteAsync>b__25_0>d::MoveNext()
DA:9,0
DA:16,0
DA:17,0
DA:18,0
DA:19,0
DA:20,0
DA:21,0
DA:26,0
BRDA:9,626,0,0
BRDA:9,626,1,0
BRDA:9,1122,0,0
BRDA:9,1122,1,0
BRDA:9,1618,0,0
BRDA:9,1618,1,0
BRDA:16,2263,0,0
BRDA:16,2263,1,0
BRDA:17,2908,0,0
BRDA:17,2908,1,0
BRDA:18,3555,0,0
BRDA:18,3555,1,0
BRDA:19,4202,0,0
BRDA:19,4202,1,0
BRDA:20,4849,0,0
BRDA:20,4849,1,0
BRDA:21,5496,0,0
BRDA:21,5496,1,0
BRDA:21,5972,0,0
BRDA:21,5972,1,0
BRDA:21,6448,0,0
BRDA:21,6448,1,0
BRDA:21,6924,0,0
BRDA:21,6924,1,0
BRDA:26,7549,0,0
BRDA:26,7549,1,0
FN:47,System.Void AspNetCoreGeneratedDocument.Views_Shared__Layout/<<ExecuteAsync>b__25_1>d::MoveNext()
FNDA:0,System.Void AspNetCoreGeneratedDocument.Views_Shared__Layout/<<ExecuteAsync>b__25_1>d::MoveNext()
DA:48,0
DA:57,0
FN:1,System.Void AspNetCoreGeneratedDocument.Views_Shared__Layout/<ExecuteAsync>d__25::MoveNext()
FNDA:0,System.Void AspNetCoreGeneratedDocument.Views_Shared__Layout/<ExecuteAsync>d__25::MoveNext()
DA:2,0
BRDA:2,344,0,0
BRDA:2,344,1,0
BRDA:2,782,0,0
BRDA:2,782,1,0
LF:11
LH:0
BRF:30
BRH:0
FNF:3
FNH:0
end_of_record
SF:c:\Repositories\ExpertBooking\WebSite\WebConfiguration.cs
FN:4,System.String WebSite.WebConfiguration::get_CartCookieName()
FNDA:0,System.String WebSite.WebConfiguration::get_CartCookieName()
DA:5,0
LF:1
LH:0
BRF:0
BRH:0
FNF:1
FNH:0
end_of_record
SF:c:\Repositories\ExpertBooking\WebSite\Models\BookingInputModel.cs
FN:4,System.Collections.Generic.List`1<System.String> WebSite.Models.BookingInputModel::get_SelectedExpertIds()
FNDA:14,System.Collections.Generic.List`1<System.String> WebSite.Models.BookingInputModel::get_SelectedExpertIds()
DA:5,14
FN:5,System.String WebSite.Models.BookingInputModel::get_BookerEmailAddress()
FNDA:9,System.String WebSite.Models.BookingInputModel::get_BookerEmailAddress()
DA:6,9
FN:6,System.String WebSite.Models.BookingInputModel::get_TechnologyFilter()
FNDA:0,System.String WebSite.Models.BookingInputModel::get_TechnologyFilter()
DA:7,0
FN:7,System.String WebSite.Models.BookingInputModel::get_TimePeriod()
FNDA:9,System.String WebSite.Models.BookingInputModel::get_TimePeriod()
DA:8,9
FN:8,System.String WebSite.Models.BookingInputModel::get_Description()
FNDA:9,System.String WebSite.Models.BookingInputModel::get_Description()
DA:9,9
LF:5
LH:4
BRF:0
BRH:0
FNF:5
FNH:4
end_of_record
SF:c:\Repositories\ExpertBooking\WebSite\Models\BookingResultModel.cs
FN:6,BusinessModels.Booking WebSite.Models.BookingResultModel::get_Booking()
FNDA:0,BusinessModels.Booking WebSite.Models.BookingResultModel::get_Booking()
DA:7,0
FN:7,System.Boolean WebSite.Models.BookingResultModel::get_Success()
FNDA:0,System.Boolean WebSite.Models.BookingResultModel::get_Success()
DA:8,0
FN:8,System.String WebSite.Models.BookingResultModel::get_ErrorMessage()
FNDA:0,System.String WebSite.Models.BookingResultModel::get_ErrorMessage()
DA:9,0
LF:3
LH:0
BRF:0
BRH:0
FNF:3
FNH:0
end_of_record
SF:c:\Repositories\ExpertBooking\WebSite\Models\ErrorViewModel.cs
FN:4,System.String WebSite.Models.ErrorViewModel::get_RequestId()
FNDA:0,System.String WebSite.Models.ErrorViewModel::get_RequestId()
DA:5,0
FN:6,System.Boolean WebSite.Models.ErrorViewModel::get_ShowRequestId()
FNDA:0,System.Boolean WebSite.Models.ErrorViewModel::get_ShowRequestId()
DA:7,0
LF:2
LH:0
BRF:0
BRH:0
FNF:2
FNH:0
end_of_record
SF:c:\Repositories\ExpertBooking\WebSite\Models\ExpertViewModel.cs
FN:4,System.String WebSite.Models.ExpertViewModel::get_Id()
FNDA:156,System.String WebSite.Models.ExpertViewModel::get_Id()
DA:5,156
FN:5,System.String WebSite.Models.ExpertViewModel::get_FirstName()
FNDA:76,System.String WebSite.Models.ExpertViewModel::get_FirstName()
DA:6,76
FN:6,System.String WebSite.Models.ExpertViewModel::get_LastName()
FNDA:76,System.String WebSite.Models.ExpertViewModel::get_LastName()
DA:7,76
FN:7,System.String WebSite.Models.ExpertViewModel::get_Role()
FNDA:76,System.String WebSite.Models.ExpertViewModel::get_Role()
DA:8,76
FN:8,System.String WebSite.Models.ExpertViewModel::get_Technology()
FNDA:76,System.String WebSite.Models.ExpertViewModel::get_Technology()
DA:9,76
FN:9,System.String WebSite.Models.ExpertViewModel::get_Description()
FNDA:76,System.String WebSite.Models.ExpertViewModel::get_Description()
DA:10,76
FN:10,System.Boolean WebSite.Models.ExpertViewModel::get_IsSelected()
FNDA:72,System.Boolean WebSite.Models.ExpertViewModel::get_IsSelected()
DA:11,72
LF:7
LH:7
BRF:0
BRH:0
FNF:7
FNH:7
end_of_record
SF:c:\Repositories\ExpertBooking\WebSite\Helpers\BookingInputModelConverter.cs
FN:8,BusinessModels.Booking WebSite.Helpers.BookingInputModelConverter::Convert(WebSite.Models.BookingInputModel)
FNDA:7,BusinessModels.Booking WebSite.Helpers.BookingInputModelConverter::Convert(WebSite.Models.BookingInputModel)
DA:9,7
DA:10,7
DA:11,7
DA:12,7
DA:13,7
DA:14,7
DA:15,7
DA:16,7
DA:17,7
BRDA:10,9,0,0
BRDA:10,9,1,7
BRDA:10,21,0,1
BRDA:10,21,1,6
BRDA:10,33,0,1
BRDA:10,33,1,7
LF:9
LH:9
BRF:6
BRH:5
FNF:1
FNH:1
end_of_record
SF:c:\Repositories\ExpertBooking\WebSite\Helpers\ExpertViewModelConverter.cs
FN:13,WebSite.Models.ExpertViewModel[] WebSite.Helpers.ExpertViewModelConverter::Convert(BusinessModels.Expert[],System.Collections.Generic.List`1<System.String>)
FNDA:5,WebSite.Models.ExpertViewModel[] WebSite.Helpers.ExpertViewModelConverter::Convert(BusinessModels.Expert[],System.Collections.Generic.List`1<System.String>)
DA:14,5
DA:15,5
DA:16,42
DA:17,16
DA:18,16
DA:19,16
DA:20,16
DA:21,16
DA:22,16
DA:23,16
DA:24,16
DA:25,16
DA:26,7
DA:27,16
DA:28,16
DA:29,5
DA:30,5
BRDA:16,310,1,16
BRDA:18,248,0,4
BRDA:18,248,1,12
BRDA:16,310,0,5
FN:32,WebSite.Models.ExpertViewModel WebSite.Helpers.ExpertViewModelConverter::Convert(BusinessModels.Expert,System.Collections.Generic.List`1<System.String>)
FNDA:3,WebSite.Models.ExpertViewModel WebSite.Helpers.ExpertViewModelConverter::Convert(BusinessModels.Expert,System.Collections.Generic.List`1<System.String>)
DA:33,3
DA:34,7
DA:35,3
BRDA:34,21,0,1
BRDA:34,21,1,2
FN:37,WebSite.Models.ExpertViewModel WebSite.Helpers.ExpertViewModelConverter::CreateViewModel(BusinessModels.Expert,System.Boolean)
FNDA:3,WebSite.Models.ExpertViewModel WebSite.Helpers.ExpertViewModelConverter::CreateViewModel(BusinessModels.Expert,System.Boolean)
DA:38,3
DA:39,3
DA:40,3
DA:41,3
DA:42,3
DA:43,3
DA:44,3
DA:45,3
DA:46,3
DA:47,3
DA:48,3
DA:49,3
LF:32
LH:32
BRF:6
BRH:6
FNF:3
FNH:3
end_of_record
SF:c:\Repositories\ExpertBooking\WebSite\Helpers\ReadJsonFromFileHelper.cs
FN:4,System.String WebSite.Helpers.ReadJsonFromFileHelper::ReadJsonFromTextFile(System.String)
FNDA:0,System.String WebSite.Helpers.ReadJsonFromFileHelper::ReadJsonFromTextFile(System.String)
DA:5,0
DA:7,0
DA:8,0
DA:9,0
DA:11,0
DA:12,0
DA:13,0
DA:14,0
DA:17,0
LF:9
LH:0
BRF:0
BRH:0
FNF:1
FNH:0
end_of_record
SF:c:\Repositories\ExpertBooking\WebSite\Controllers\BookingController.cs
FN:31,Microsoft.AspNetCore.Mvc.IActionResult WebSite.Controllers.BookingController::Index()
FNDA:0,Microsoft.AspNetCore.Mvc.IActionResult WebSite.Controllers.BookingController::Index()
DA:32,0
DA:33,0
DA:34,0
FN:37,Microsoft.AspNetCore.Mvc.IActionResult WebSite.Controllers.BookingController::GetBookingForm()
FNDA:0,Microsoft.AspNetCore.Mvc.IActionResult WebSite.Controllers.BookingController::GetBookingForm()
DA:38,0
DA:39,0
DA:40,0
FN:43,Microsoft.AspNetCore.Mvc.IActionResult WebSite.Controllers.BookingController::GetBookingForm(System.String)
FNDA:0,Microsoft.AspNetCore.Mvc.IActionResult WebSite.Controllers.BookingController::GetBookingForm(System.String)
DA:44,0
DA:45,0
DA:46,0
DA:47,0
DA:48,0
DA:49,0
DA:50,0
DA:52,0
DA:53,0
DA:54,0
DA:55,0
DA:56,0
DA:57,0
DA:58,0
BRDA:45,26,0,0
BRDA:48,46,0,0
BRDA:48,46,1,0
BRDA:48,58,0,0
BRDA:48,58,1,0
BRDA:49,81,0,0
BRDA:52,97,0,0
BRDA:52,97,1,0
BRDA:49,81,1,0
BRDA:45,26,1,0
FN:21,System.Void WebSite.Controllers.BookingController::.ctor(UseCases.Experts.BookExpertUseCase,UseCases.Cart.GetCartUseCase,UseCases.Experts.ListExpertsUseCase,UseCases.Cart.AddExpertToCartUseCase)
FNDA:0,System.Void WebSite.Controllers.BookingController::.ctor(UseCases.Experts.BookExpertUseCase,UseCases.Cart.GetCartUseCase,UseCases.Experts.ListExpertsUseCase,UseCases.Cart.AddExpertToCartUseCase)
DA:22,0
DA:23,0
DA:24,0
DA:25,0
DA:26,0
DA:27,0
DA:28,0
FN:62,System.Void WebSite.Controllers.BookingController/<Book>d__9::MoveNext()
FNDA:0,System.Void WebSite.Controllers.BookingController/<Book>d__9::MoveNext()
DA:63,0
DA:64,0
DA:65,0
DA:66,0
DA:67,0
DA:68,0
DA:69,0
DA:70,0
DA:71,0
DA:72,0
DA:73,0
DA:74,0
DA:75,0
DA:76,0
DA:77,0
DA:79,0
BRDA:67,75,0,0
BRDA:70,119,0,0
BRDA:70,119,1,0
BRDA:67,75,1,0
BRDA:76,333,0,0
BRDA:76,333,1,0
LF:43
LH:0
BRF:16
BRH:0
FNF:5
FNH:0
end_of_record
SF:c:\Repositories\ExpertBooking\WebSite\Controllers\CartController.cs
FN:29,Microsoft.AspNetCore.Mvc.IActionResult WebSite.Controllers.CartController::Index()
FNDA:0,Microsoft.AspNetCore.Mvc.IActionResult WebSite.Controllers.CartController::Index()
DA:30,0
DA:31,0
DA:32,0
DA:33,0
FN:36,Microsoft.AspNetCore.Mvc.IActionResult WebSite.Controllers.CartController::GetExpertInCartStatus(System.String)
FNDA:0,Microsoft.AspNetCore.Mvc.IActionResult WebSite.Controllers.CartController::GetExpertInCartStatus(System.String)
DA:37,0
DA:38,0
DA:39,0
DA:40,0
DA:41,0
DA:42,0
DA:43,0
DA:44,0
DA:45,0
DA:46,0
DA:47,0
DA:48,0
DA:49,0
DA:50,0
BRDA:39,25,0,0
BRDA:39,25,1,0
BRDA:39,47,0,0
BRDA:42,64,0,0
BRDA:42,64,1,0
BRDA:42,85,0,0
BRDA:42,85,1,0
BRDA:42,122,0,0
BRDA:42,122,1,0
BRDA:39,47,1,0
BRDA:47,155,0,0
BRDA:47,155,1,0
FN:53,Microsoft.AspNetCore.Mvc.IActionResult WebSite.Controllers.CartController::AddToCart(System.String)
FNDA:0,Microsoft.AspNetCore.Mvc.IActionResult WebSite.Controllers.CartController::AddToCart(System.String)
DA:54,0
DA:56,0
DA:57,0
DA:58,0
DA:59,0
DA:60,0
DA:61,0
DA:62,0
DA:63,0
DA:64,0
DA:65,0
DA:66,0
DA:67,0
BRDA:64,138,0,0
BRDA:64,138,1,0
FN:70,Microsoft.AspNetCore.Mvc.IActionResult WebSite.Controllers.CartController::RemoveFromCart(System.String)
FNDA:0,Microsoft.AspNetCore.Mvc.IActionResult WebSite.Controllers.CartController::RemoveFromCart(System.String)
DA:71,0
DA:73,0
DA:74,0
DA:75,0
DA:76,0
DA:77,0
DA:78,0
DA:80,0
DA:81,0
DA:82,0
DA:83,0
DA:84,0
BRDA:74,27,0,0
BRDA:74,27,1,0
BRDA:81,122,0,0
BRDA:81,122,1,0
FN:87,Microsoft.AspNetCore.Mvc.IActionResult WebSite.Controllers.CartController::GetCart()
FNDA:0,Microsoft.AspNetCore.Mvc.IActionResult WebSite.Controllers.CartController::GetCart()
DA:88,0
DA:90,0
DA:91,0
DA:92,0
DA:93,0
DA:94,0
DA:95,0
DA:96,0
DA:97,0
DA:98,0
DA:99,0
DA:100,0
DA:101,0
BRDA:91,27,0,0
BRDA:94,49,0,0
BRDA:94,49,1,0
BRDA:91,27,1,0
BRDA:98,82,0,0
BRDA:98,82,1,0
FN:15,System.Void WebSite.Controllers.CartController::.ctor(UseCases.Cart.AddExpertToCartUseCase,UseCases.Cart.GetCartUseCase,UseCases.Cart.ListCartsUseCase,UseCases.Cart.RemoveExpertFromCartUseCase)
FNDA:0,System.Void WebSite.Controllers.CartController::.ctor(UseCases.Cart.AddExpertToCartUseCase,UseCases.Cart.GetCartUseCase,UseCases.Cart.ListCartsUseCase,UseCases.Cart.RemoveExpertFromCartUseCase)
DA:16,0
DA:17,0
DA:18,0
DA:19,0
DA:20,0
DA:21,0
DA:22,0
DA:23,0
DA:24,0
DA:25,0
DA:26,0
LF:67
LH:0
BRF:24
BRH:0
FNF:6
FNH:0
end_of_record
SF:c:\Repositories\ExpertBooking\WebSite\Controllers\ExpertController.cs
FN:23,Microsoft.AspNetCore.Mvc.IActionResult WebSite.Controllers.ExpertController::Index(System.String)
FNDA:0,Microsoft.AspNetCore.Mvc.IActionResult WebSite.Controllers.ExpertController::Index(System.String)
DA:24,0
DA:25,0
DA:26,0
DA:28,0
DA:29,0
DA:30,0
DA:31,0
DA:32,0
DA:33,0
DA:34,0
DA:35,0
DA:36,0
DA:37,0
DA:38,0
DA:39,0
BRDA:30,44,0,0
BRDA:31,59,0,0
BRDA:31,59,1,0
BRDA:30,44,1,0
BRDA:34,85,0,0
BRDA:34,85,1,0
BRDA:36,130,0,0
BRDA:36,130,1,0
FN:15,System.Void WebSite.Controllers.ExpertController::.ctor(UseCases.Experts.GetExpertUseCase,UseCases.Cart.GetCartUseCase)
FNDA:0,System.Void WebSite.Controllers.ExpertController::.ctor(UseCases.Experts.GetExpertUseCase,UseCases.Cart.GetCartUseCase)
DA:16,0
DA:17,0
DA:18,0
DA:19,0
DA:20,0
LF:20
LH:0
BRF:8
BRH:0
FNF:2
FNH:0
end_of_record
SF:c:\Repositories\ExpertBooking\WebSite\Controllers\ExpertDetailsController.cs
FN:25,Microsoft.AspNetCore.Mvc.IActionResult WebSite.Controllers.ExpertDetailsController::GetDetails(System.String)
FNDA:0,Microsoft.AspNetCore.Mvc.IActionResult WebSite.Controllers.ExpertDetailsController::GetDetails(System.String)
DA:26,0
DA:27,0
DA:28,0
DA:29,0
DA:30,0
DA:31,0
DA:32,0
DA:33,0
DA:34,0
DA:35,0
DA:36,0
DA:37,0
DA:39,0
DA:40,0
BRDA:28,20,0,0
BRDA:28,20,1,0
BRDA:32,63,0,0
BRDA:32,63,1,0
BRDA:32,88,0,0
BRDA:34,105,0,0
BRDA:34,105,1,0
BRDA:32,88,1,0
FN:15,System.Void WebSite.Controllers.ExpertDetailsController::.ctor(UseCases.Experts.GetExpertUseCase,UseCases.Cart.GetCartUseCase)
FNDA:0,System.Void WebSite.Controllers.ExpertDetailsController::.ctor(UseCases.Experts.GetExpertUseCase,UseCases.Cart.GetCartUseCase)
DA:16,0
DA:17,0
DA:18,0
DA:19,0
DA:20,0
DA:21,0
DA:22,0
LF:21
LH:0
BRF:8
BRH:0
FNF:2
FNH:0
end_of_record
SF:c:\Repositories\ExpertBooking\WebSite\Controllers\HomeController.cs
FN:12,Microsoft.AspNetCore.Mvc.IActionResult WebSite.Controllers.HomeController::Index()
FNDA:0,Microsoft.AspNetCore.Mvc.IActionResult WebSite.Controllers.HomeController::Index()
DA:13,0
DA:14,0
DA:15,0
FN:7,System.Void WebSite.Controllers.HomeController::.ctor()
FNDA:0,System.Void WebSite.Controllers.HomeController::.ctor()
DA:8,0
DA:9,0
DA:10,0
LF:6
LH:0
BRF:0
BRH:0
FNF:2
FNH:0
end_of_record
SF:c:\Repositories\ExpertBooking\WebSite\Controllers\ListExpertsController.cs
FN:24,Microsoft.AspNetCore.Mvc.IActionResult WebSite.Controllers.ListExpertsController::Index(System.String)
FNDA:0,Microsoft.AspNetCore.Mvc.IActionResult WebSite.Controllers.ListExpertsController::Index(System.String)
DA:25,0
DA:26,0
DA:27,0
DA:28,0
DA:29,0
DA:30,0
DA:31,0
DA:32,0
DA:33,0
DA:34,0
DA:35,0
BRDA:29,41,0,0
BRDA:29,41,1,0
BRDA:29,63,0,0
BRDA:31,79,0,0
BRDA:31,79,1,0
BRDA:29,63,1,0
FN:15,System.Void WebSite.Controllers.ListExpertsController::.ctor(UseCases.Experts.ListExpertsUseCase,UseCases.Cart.GetCartUseCase)
FNDA:0,System.Void WebSite.Controllers.ListExpertsController::.ctor(UseCases.Experts.ListExpertsUseCase,UseCases.Cart.GetCartUseCase)
DA:16,0
DA:17,0
DA:18,0
DA:19,0
DA:20,0
DA:21,0
DA:22,0
LF:18
LH:0
BRF:6
BRH:0
FNF:2
FNH:0
end_of_record